══════════════════════════════════════════
  MD Viewer Pro ビルド開始
  Python: Python 3.9.6
══════════════════════════════════════════
[1/5] 古いビルドを削除...
[2/5] .app をビルド中...
54 INFO: PyInstaller: 6.19.0, contrib hooks: 2026.4
54 INFO: Python: 3.9.6
65 INFO: Platform: macOS-26.5-arm64-arm-64bit
65 INFO: Python environment: /Users/yuki/Used_ai/MD Viewer Pro/venv_new
91 WARNING: Failed to collect submodules for 'PySide6.scripts.deploy_lib' because importing 'PySide6.scripts.deploy_lib' raised: ModuleNotFoundError: No module named 'project_lib'
1855 WARNING: collect_data_files - skipping data collection for module 'PySide6.QtWebEngineWidgets' as it is not a package.
1953 WARNING: collect_dynamic_libs - skipping library collection for module 'PySide6.QtWebEngineWidgets' as it is not a package.
2410 WARNING: collect_data_files - skipping data collection for module 'PySide6.QtWebChannel' as it is not a package.
2509 WARNING: collect_dynamic_libs - skipping library collection for module 'PySide6.QtWebChannel' as it is not a package.
3912 INFO: Module search paths (PYTHONPATH):
['/Users/yuki/Used_ai/MD Viewer Pro',
 '/Library/Developer/CommandLineTools/Library/Frameworks/Python3.framework/Versions/3.9/lib/python39.zip',
 '/Library/Developer/CommandLineTools/Library/Frameworks/Python3.framework/Versions/3.9/lib/python3.9',
 '/Library/Developer/CommandLineTools/Library/Frameworks/Python3.framework/Versions/3.9/lib/python3.9/lib-dynload',
 '/Users/yuki/Used_ai/MD Viewer Pro/venv_new/lib/python3.9/site-packages',
 '/Users/yuki/Used_ai/MD Viewer Pro']
4044 INFO: Appending 'binaries' from .spec
4050 INFO: Appending 'datas' from .spec
4176 INFO: checking Analysis
4176 INFO: Building Analysis because Analysis-00.toc is non existent
4176 INFO: Looking for Python shared library...
4182 INFO: Using Python shared library: /Library/Developer/CommandLineTools/Library/Frameworks/Python3.framework/Versions/3.9/Python3
4182 INFO: Running Analysis Analysis-00.toc
4182 INFO: Target bytecode optimization level: 0
4182 INFO: Initializing module dependency graph...
4183 INFO: Initializing module graph hook caches...
4191 INFO: Analyzing modules for base_library.zip ...
4484 INFO: Processing standard module hook 'hook-encodings.py' from '/Users/yuki/Used_ai/MD Viewer Pro/venv_new/lib/python3.9/site-packages/PyInstaller/hooks'
5375 INFO: Processing standard module hook 'hook-pickle.py' from '/Users/yuki/Used_ai/MD Viewer Pro/venv_new/lib/python3.9/site-packages/PyInstaller/hooks'
5850 INFO: Processing standard module hook 'hook-heapq.py' from '/Users/yuki/Used_ai/MD Viewer Pro/venv_new/lib/python3.9/site-packages/PyInstaller/hooks'
6089 INFO: Caching module dependency graph...
6121 INFO: Analyzing /Users/yuki/Used_ai/MD Viewer Pro/main.py
6439 INFO: Processing standard module hook 'hook-markdown.py' from '/Users/yuki/Used_ai/MD Viewer Pro/venv_new/lib/python3.9/site-packages/_pyinstaller_hooks_contrib/stdhooks'
6687 INFO: Processing standard module hook 'hook-xml.py' from '/Users/yuki/Used_ai/MD Viewer Pro/venv_new/lib/python3.9/site-packages/PyInstaller/hooks'
6699 INFO: Processing standard module hook 'hook-xml.etree.cElementTree.py' from '/Users/yuki/Used_ai/MD Viewer Pro/venv_new/lib/python3.9/site-packages/PyInstaller/hooks'
6700 INFO: Processing pre-safe-import-module hook 'hook-importlib_metadata.py' from '/Users/yuki/Used_ai/MD Viewer Pro/venv_new/lib/python3.9/site-packages/PyInstaller/hooks/pre_safe_import_module'
6701 INFO: SetuptoolsInfo: initializing cached setuptools info...
6911 INFO: Processing standard module hook 'hook-importlib_metadata.py' from '/Users/yuki/Used_ai/MD Viewer Pro/venv_new/lib/python3.9/site-packages/PyInstaller/hooks'
6931 INFO: Processing standard module hook 'hook-platform.py' from '/Users/yuki/Used_ai/MD Viewer Pro/venv_new/lib/python3.9/site-packages/PyInstaller/hooks'
6957 INFO: Processing pre-safe-import-module hook 'hook-zipp.py' from '/Users/yuki/Used_ai/MD Viewer Pro/venv_new/lib/python3.9/site-packages/PyInstaller/hooks/pre_safe_import_module'
7172 INFO: Processing standard module hook 'hook-PySide6.py' from '/Users/yuki/Used_ai/MD Viewer Pro/venv_new/lib/python3.9/site-packages/PyInstaller/hooks'
7314 INFO: Processing standard module hook 'hook-shiboken6.py' from '/Users/yuki/Used_ai/MD Viewer Pro/venv_new/lib/python3.9/site-packages/PyInstaller/hooks'
7430 INFO: Processing standard module hook 'hook-PySide6.QtNetwork.py' from '/Users/yuki/Used_ai/MD Viewer Pro/venv_new/lib/python3.9/site-packages/PyInstaller/hooks'
8130 INFO: Processing standard module hook 'hook-PySide6.QtCore.py' from '/Users/yuki/Used_ai/MD Viewer Pro/venv_new/lib/python3.9/site-packages/PyInstaller/hooks'
8727 INFO: Processing standard module hook 'hook-PySide6.QtWidgets.py' from '/Users/yuki/Used_ai/MD Viewer Pro/venv_new/lib/python3.9/site-packages/PyInstaller/hooks'
9478 INFO: Processing standard module hook 'hook-PySide6.QtGui.py' from '/Users/yuki/Used_ai/MD Viewer Pro/venv_new/lib/python3.9/site-packages/PyInstaller/hooks'
9686 INFO: Processing standard module hook 'hook-PySide6.QtWebEngineWidgets.py' from '/Users/yuki/Used_ai/MD Viewer Pro/venv_new/lib/python3.9/site-packages/PyInstaller/hooks'
9813 INFO: Processing standard module hook 'hook-PySide6.QtPrintSupport.py' from '/Users/yuki/Used_ai/MD Viewer Pro/venv_new/lib/python3.9/site-packages/PyInstaller/hooks'
9971 INFO: Processing standard module hook 'hook-PySide6.QtWebEngineCore.py' from '/Users/yuki/Used_ai/MD Viewer Pro/venv_new/lib/python3.9/site-packages/PyInstaller/hooks'
10151 WARNING: Found multiple versions in QtWebEngineCore.framework (['A', 'Resources']) - using the last one!
10156 INFO: Processing standard module hook 'hook-PySide6.QtWebChannel.py' from '/Users/yuki/Used_ai/MD Viewer Pro/venv_new/lib/python3.9/site-packages/PyInstaller/hooks'
10314 INFO: Processing standard module hook 'hook-_ctypes.py' from '/Users/yuki/Used_ai/MD Viewer Pro/venv_new/lib/python3.9/site-packages/PyInstaller/hooks'
10975 INFO: Analyzing hidden import 'PySide6.Qt3DAnimation'
10995 INFO: Processing standard module hook 'hook-PySide6.Qt3DAnimation.py' from '/Users/yuki/Used_ai/MD Viewer Pro/venv_new/lib/python3.9/site-packages/PyInstaller/hooks'
11137 INFO: Processing standard module hook 'hook-PySide6.Qt3DCore.py' from '/Users/yuki/Used_ai/MD Viewer Pro/venv_new/lib/python3.9/site-packages/PyInstaller/hooks'
11352 INFO: Processing standard module hook 'hook-PySide6.Qt3DRender.py' from '/Users/yuki/Used_ai/MD Viewer Pro/venv_new/lib/python3.9/site-packages/PyInstaller/hooks'
12725 INFO: Processing standard module hook 'hook-PySide6.QtOpenGL.py' from '/Users/yuki/Used_ai/MD Viewer Pro/venv_new/lib/python3.9/site-packages/PyInstaller/hooks'
12864 INFO: Analyzing hidden import 'PySide6.Qt3DExtras'
12914 INFO: Processing standard module hook 'hook-PySide6.Qt3DExtras.py' from '/Users/yuki/Used_ai/MD Viewer Pro/venv_new/lib/python3.9/site-packages/PyInstaller/hooks'
13034 INFO: Analyzing hidden import 'PySide6.Qt3DInput'
13050 INFO: Processing standard module hook 'hook-PySide6.Qt3DInput.py' from '/Users/yuki/Used_ai/MD Viewer Pro/venv_new/lib/python3.9/site-packages/PyInstaller/hooks'
13162 INFO: Analyzing hidden import 'PySide6.Qt3DLogic'
13163 INFO: Processing standard module hook 'hook-PySide6.Qt3DLogic.py' from '/Users/yuki/Used_ai/MD Viewer Pro/venv_new/lib/python3.9/site-packages/PyInstaller/hooks'
13276 INFO: Analyzing hidden import 'PySide6.QtAsyncio'
13385 INFO: Processing standard module hook 'hook-multiprocessing.util.py' from '/Users/yuki/Used_ai/MD Viewer Pro/venv_new/lib/python3.9/site-packages/PyInstaller/hooks'
13759 INFO: Processing pre-safe-import-module hook 'hook-typing_extensions.py' from '/Users/yuki/Used_ai/MD Viewer Pro/venv_new/lib/python3.9/site-packages/PyInstaller/hooks/pre_safe_import_module'
13760 INFO: Analyzing hidden import 'PySide6.QtBluetooth'
13805 INFO: Processing standard module hook 'hook-PySide6.QtBluetooth.py' from '/Users/yuki/Used_ai/MD Viewer Pro/venv_new/lib/python3.9/site-packages/PyInstaller/hooks'
13917 INFO: Analyzing hidden import 'PySide6.QtCharts'
14001 INFO: Processing standard module hook 'hook-PySide6.QtCharts.py' from '/Users/yuki/Used_ai/MD Viewer Pro/venv_new/lib/python3.9/site-packages/PyInstaller/hooks'
14119 INFO: Analyzing hidden import 'PySide6.QtConcurrent'
14122 INFO: Processing standard module hook 'hook-PySide6.QtConcurrent.py' from '/Users/yuki/Used_ai/MD Viewer Pro/venv_new/lib/python3.9/site-packages/PyInstaller/hooks'
14235 INFO: Analyzing hidden import 'PySide6.QtDBus'
14261 INFO: Processing standard module hook 'hook-PySide6.QtDBus.py' from '/Users/yuki/Used_ai/MD Viewer Pro/venv_new/lib/python3.9/site-packages/PyInstaller/hooks'
14378 INFO: Analyzing hidden import 'PySide6.QtDataVisualization'
14466 INFO: Processing standard module hook 'hook-PySide6.QtDataVisualization.py' from '/Users/yuki/Used_ai/MD Viewer Pro/venv_new/lib/python3.9/site-packages/PyInstaller/hooks'
14583 INFO: Analyzing hidden import 'PySide6.QtDesigner'
14606 INFO: Processing standard module hook 'hook-PySide6.QtDesigner.py' from '/Users/yuki/Used_ai/MD Viewer Pro/venv_new/lib/python3.9/site-packages/PyInstaller/hooks'
14739 INFO: Analyzing hidden import 'PySide6.QtGraphs'
14843 INFO: Processing standard module hook 'hook-PySide6.QtGraphs.py' from '/Users/yuki/Used_ai/MD Viewer Pro/venv_new/lib/python3.9/site-packages/PyInstaller/hooks'
15017 INFO: Processing standard module hook 'hook-PySide6.QtQml.py' from '/Users/yuki/Used_ai/MD Viewer Pro/venv_new/lib/python3.9/site-packages/PyInstaller/hooks'
15750 INFO: Analyzing hidden import 'PySide6.QtGraphsWidgets'
15764 INFO: Processing standard module hook 'hook-PySide6.QtGraphsWidgets.py' from '/Users/yuki/Used_ai/MD Viewer Pro/venv_new/lib/python3.9/site-packages/PyInstaller/hooks'
15956 INFO: Processing standard module hook 'hook-PySide6.QtQuick.py' from '/Users/yuki/Used_ai/MD Viewer Pro/venv_new/lib/python3.9/site-packages/PyInstaller/hooks'
16077 INFO: Processing standard module hook 'hook-PySide6.QtQuickWidgets.py' from '/Users/yuki/Used_ai/MD Viewer Pro/venv_new/lib/python3.9/site-packages/PyInstaller/hooks'
16192 INFO: Analyzing hidden import 'PySide6.QtHelp'
16205 INFO: Processing standard module hook 'hook-PySide6.QtHelp.py' from '/Users/yuki/Used_ai/MD Viewer Pro/venv_new/lib/python3.9/site-packages/PyInstaller/hooks'
16321 INFO: Analyzing hidden import 'PySide6.QtHttpServer'
16333 INFO: Processing standard module hook 'hook-PySide6.QtHttpServer.py' from '/Users/yuki/Used_ai/MD Viewer Pro/venv_new/lib/python3.9/site-packages/PyInstaller/hooks'
16449 INFO: Analyzing hidden import 'PySide6.QtLocation'
16492 INFO: Processing standard module hook 'hook-PySide6.QtLocation.py' from '/Users/yuki/Used_ai/MD Viewer Pro/venv_new/lib/python3.9/site-packages/PyInstaller/hooks'
16662 INFO: Processing standard module hook 'hook-PySide6.QtPositioning.py' from '/Users/yuki/Used_ai/MD Viewer Pro/venv_new/lib/python3.9/site-packages/PyInstaller/hooks'
16789 INFO: Analyzing hidden import 'PySide6.QtMultimedia'
16848 INFO: Processing standard module hook 'hook-PySide6.QtMultimedia.py' from '/Users/yuki/Used_ai/MD Viewer Pro/venv_new/lib/python3.9/site-packages/PyInstaller/hooks'
16978 INFO: Analyzing hidden import 'PySide6.QtMultimediaWidgets'
16981 INFO: Processing standard module hook 'hook-PySide6.QtMultimediaWidgets.py' from '/Users/yuki/Used_ai/MD Viewer Pro/venv_new/lib/python3.9/site-packages/PyInstaller/hooks'
17095 INFO: Analyzing hidden import 'PySide6.QtNetworkAuth'
17115 INFO: Processing standard module hook 'hook-PySide6.QtNetworkAuth.py' from '/Users/yuki/Used_ai/MD Viewer Pro/venv_new/lib/python3.9/site-packages/PyInstaller/hooks'
17228 INFO: Analyzing hidden import 'PySide6.QtNfc'
17254 INFO: Processing standard module hook 'hook-PySide6.QtNfc.py' from '/Users/yuki/Used_ai/MD Viewer Pro/venv_new/lib/python3.9/site-packages/PyInstaller/hooks'
17367 INFO: Analyzing hidden import 'PySide6.QtOpenGLWidgets'
17370 INFO: Processing standard module hook 'hook-PySide6.QtOpenGLWidgets.py' from '/Users/yuki/Used_ai/MD Viewer Pro/venv_new/lib/python3.9/site-packages/PyInstaller/hooks'
17485 INFO: Analyzing hidden import 'PySide6.QtPdf'
17498 INFO: Processing standard module hook 'hook-PySide6.QtPdf.py' from '/Users/yuki/Used_ai/MD Viewer Pro/venv_new/lib/python3.9/site-packages/PyInstaller/hooks'
17616 INFO: Analyzing hidden import 'PySide6.QtPdfWidgets'
17620 INFO: Processing standard module hook 'hook-PySide6.QtPdfWidgets.py' from '/Users/yuki/Used_ai/MD Viewer Pro/venv_new/lib/python3.9/site-packages/PyInstaller/hooks'
17734 INFO: Analyzing hidden import 'PySide6.QtQuick3D'
17743 INFO: Processing standard module hook 'hook-PySide6.QtQuick3D.py' from '/Users/yuki/Used_ai/MD Viewer Pro/venv_new/lib/python3.9/site-packages/PyInstaller/hooks'
17858 INFO: Analyzing hidden import 'PySide6.QtQuickControls2'
17859 INFO: Processing standard module hook 'hook-PySide6.QtQuickControls2.py' from '/Users/yuki/Used_ai/MD Viewer Pro/venv_new/lib/python3.9/site-packages/PyInstaller/hooks'
17976 INFO: Analyzing hidden import 'PySide6.QtQuickTest'
17977 INFO: Analyzing hidden import 'PySide6.QtRemoteObjects'
17992 INFO: Processing standard module hook 'hook-PySide6.QtRemoteObjects.py' from '/Users/yuki/Used_ai/MD Viewer Pro/venv_new/lib/python3.9/site-packages/PyInstaller/hooks'
18105 INFO: Analyzing hidden import 'PySide6.QtScxml'
18119 INFO: Processing standard module hook 'hook-PySide6.QtScxml.py' from '/Users/yuki/Used_ai/MD Viewer Pro/venv_new/lib/python3.9/site-packages/PyInstaller/hooks'
18238 INFO: Analyzing hidden import 'PySide6.QtSensors'
18260 INFO: Processing standard module hook 'hook-PySide6.QtSensors.py' from '/Users/yuki/Used_ai/MD Viewer Pro/venv_new/lib/python3.9/site-packages/PyInstaller/hooks'
18392 INFO: Analyzing hidden import 'PySide6.QtSerialBus'
18420 INFO: Processing standard module hook 'hook-PySide6.QtSerialBus.py' from '/Users/yuki/Used_ai/MD Viewer Pro/venv_new/lib/python3.9/site-packages/PyInstaller/hooks'
18554 INFO: Analyzing hidden import 'PySide6.QtSerialPort'
18560 INFO: Processing standard module hook 'hook-PySide6.QtSerialPort.py' from '/Users/yuki/Used_ai/MD Viewer Pro/venv_new/lib/python3.9/site-packages/PyInstaller/hooks'
18673 INFO: Analyzing hidden import 'PySide6.QtSpatialAudio'
18681 INFO: Processing standard module hook 'hook-PySide6.QtSpatialAudio.py' from '/Users/yuki/Used_ai/MD Viewer Pro/venv_new/lib/python3.9/site-packages/PyInstaller/hooks'
18795 INFO: Analyzing hidden import 'PySide6.QtSql'
18823 INFO: Processing standard module hook 'hook-PySide6.QtSql.py' from '/Users/yuki/Used_ai/MD Viewer Pro/venv_new/lib/python3.9/site-packages/PyInstaller/hooks'
18951 INFO: Analyzing hidden import 'PySide6.QtStateMachine'
18965 INFO: Processing standard module hook 'hook-PySide6.QtStateMachine.py' from '/Users/yuki/Used_ai/MD Viewer Pro/venv_new/lib/python3.9/site-packages/PyInstaller/hooks'
19080 INFO: Analyzing hidden import 'PySide6.QtSvg'
19097 INFO: Processing standard module hook 'hook-PySide6.QtSvg.py' from '/Users/yuki/Used_ai/MD Viewer Pro/venv_new/lib/python3.9/site-packages/PyInstaller/hooks'
19208 INFO: Analyzing hidden import 'PySide6.QtSvgWidgets'
19211 INFO: Processing standard module hook 'hook-PySide6.QtSvgWidgets.py' from '/Users/yuki/Used_ai/MD Viewer Pro/venv_new/lib/python3.9/site-packages/PyInstaller/hooks'
19326 INFO: Analyzing hidden import 'PySide6.QtTest'
19341 INFO: Processing standard module hook 'hook-PySide6.QtTest.py' from '/Users/yuki/Used_ai/MD Viewer Pro/venv_new/lib/python3.9/site-packages/PyInstaller/hooks'
19456 INFO: Analyzing hidden import 'PySide6.QtTextToSpeech'
19463 INFO: Processing standard module hook 'hook-PySide6.QtTextToSpeech.py' from '/Users/yuki/Used_ai/MD Viewer Pro/venv_new/lib/python3.9/site-packages/PyInstaller/hooks'
19587 INFO: Analyzing hidden import 'PySide6.QtUiTools'
19589 INFO: Processing standard module hook 'hook-PySide6.QtUiTools.py' from '/Users/yuki/Used_ai/MD Viewer Pro/venv_new/lib/python3.9/site-packages/PyInstaller/hooks'
19703 INFO: Analyzing hidden import 'PySide6.QtWebEngineQuick'
19708 INFO: Processing standard module hook 'hook-PySide6.QtWebEngineQuick.py' from '/Users/yuki/Used_ai/MD Viewer Pro/venv_new/lib/python3.9/site-packages/PyInstaller/hooks'
19828 INFO: Analyzing hidden import 'PySide6.QtWebSockets'
19838 INFO: Processing standard module hook 'hook-PySide6.QtWebSockets.py' from '/Users/yuki/Used_ai/MD Viewer Pro/venv_new/lib/python3.9/site-packages/PyInstaller/hooks'
19950 INFO: Analyzing hidden import 'PySide6.QtWebView'
19951 INFO: Analyzing hidden import 'PySide6.QtXml'
19968 INFO: Processing standard module hook 'hook-PySide6.QtXml.py' from '/Users/yuki/Used_ai/MD Viewer Pro/venv_new/lib/python3.9/site-packages/PyInstaller/hooks'
20080 INFO: Analyzing hidden import 'PySide6._config'
20081 INFO: Analyzing hidden import 'PySide6._git_pyside_version'
20082 INFO: Analyzing hidden import 'PySide6.scripts'
20082 INFO: Analyzing hidden import 'PySide6.scripts.android_deploy'
20087 INFO: Analyzing hidden import 'PySide6.scripts.deploy'
20090 INFO: Analyzing hidden import 'PySide6.scripts.metaobjectdump'
20100 INFO: Analyzing hidden import 'PySide6.scripts.project'
20108 INFO: Analyzing hidden import 'PySide6.scripts.project_lib'
20156 INFO: Analyzing hidden import 'PySide6.scripts.pyside_tool'
20173 INFO: Processing standard module hook 'hook-sysconfig.py' from '/Users/yuki/Used_ai/MD Viewer Pro/venv_new/lib/python3.9/site-packages/PyInstaller/hooks'
20183 INFO: Processing standard module hook 'hook-_osx_support.py' from '/Users/yuki/Used_ai/MD Viewer Pro/venv_new/lib/python3.9/site-packages/PyInstaller/hooks'
20188 INFO: Analyzing hidden import 'PySide6.scripts.qml'
20192 INFO: Analyzing hidden import 'PySide6.scripts.qtpy2cpp'
20194 INFO: Analyzing hidden import 'PySide6.support'
20194 INFO: Analyzing hidden import 'PySide6.support.deprecated'
20195 INFO: Analyzing hidden import 'PySide6.support.generate_pyi'
20197 INFO: Analyzing hidden import 'markdown.__main__'
20200 INFO: Analyzing hidden import 'markdown.extensions.abbr'
20204 INFO: Analyzing hidden import 'markdown.extensions.admonition'
20207 INFO: Analyzing hidden import 'markdown.extensions.attr_list'
20212 INFO: Analyzing hidden import 'markdown.extensions.codehilite'
20217 INFO: Processing standard module hook 'hook-pygments.py' from '/Users/yuki/Used_ai/MD Viewer Pro/venv_new/lib/python3.9/site-packages/PyInstaller/hooks'
20832 INFO: Analyzing hidden import 'markdown.extensions.def_list'
20834 INFO: Analyzing hidden import 'markdown.extensions.extra'
20835 INFO: Analyzing hidden import 'markdown.extensions.fenced_code'
20839 INFO: Analyzing hidden import 'markdown.extensions.footnotes'
20848 INFO: Analyzing hidden import 'markdown.extensions.legacy_attrs'
20850 INFO: Analyzing hidden import 'markdown.extensions.legacy_em'
20851 INFO: Analyzing hidden import 'markdown.extensions.md_in_html'
20870 INFO: Analyzing hidden import 'markdown.extensions.meta'
20872 INFO: Analyzing hidden import 'markdown.extensions.nl2br'
20873 INFO: Analyzing hidden import 'markdown.extensions.sane_lists'
20874 INFO: Analyzing hidden import 'markdown.extensions.smarty'
20878 INFO: Analyzing hidden import 'markdown.extensions.tables'
20883 INFO: Analyzing hidden import 'markdown.extensions.toc'
20892 INFO: Analyzing hidden import 'markdown.extensions.wikilinks'
20894 INFO: Analyzing hidden import 'markdown.test_tools'
20951 INFO: Processing standard module hook 'hook-difflib.py' from '/Users/yuki/Used_ai/MD Viewer Pro/venv_new/lib/python3.9/site-packages/PyInstaller/hooks'
20984 INFO: Analyzing hidden import 'pygments.__main__'
21022 INFO: Analyzing hidden import 'pygments.formatters.bbcode'
21024 INFO: Analyzing hidden import 'pygments.formatters.groff'
21027 INFO: Analyzing hidden import 'pygments.formatters.html'
21041 INFO: Analyzing hidden import 'pygments.formatters.img'
21051 INFO: Analyzing hidden import 'pygments.formatters.irc'
21053 INFO: Analyzing hidden import 'pygments.formatters.other'
21056 INFO: Analyzing hidden import 'pygments.formatters.pangomarkup'
21058 INFO: Analyzing hidden import 'pygments.formatters.rtf'
21062 INFO: Analyzing hidden import 'pygments.formatters.svg'
21065 INFO: Analyzing hidden import 'pygments.lexers._ada_builtins'
21066 INFO: Analyzing hidden import 'pygments.lexers._asy_builtins'
21071 INFO: Analyzing hidden import 'pygments.lexers._cl_builtins'
21074 INFO: Analyzing hidden import 'pygments.lexers._cocoa_builtins'
21087 INFO: Analyzing hidden import 'pygments.lexers._csound_builtins'
21088 INFO: Analyzing hidden import 'pygments.lexers._css_builtins'
21100 INFO: Analyzing hidden import 'pygments.lexers._googlesql_builtins'
21104 INFO: Analyzing hidden import 'pygments.lexers._julia_builtins'
21108 INFO: Analyzing hidden import 'pygments.lexers._lasso_builtins'
21122 INFO: Analyzing hidden import 'pygments.lexers._lilypond_builtins'
21147 INFO: Analyzing hidden import 'pygments.lexers._lua_builtins'
21150 INFO: Analyzing hidden import 'pygments.lexers._luau_builtins'
21150 INFO: Analyzing hidden import 'pygments.lexers._mql_builtins'
21155 INFO: Analyzing hidden import 'pygments.lexers._mysql_builtins'
21163 INFO: Analyzing hidden import 'pygments.lexers._openedge_builtins'
21174 INFO: Analyzing hidden import 'pygments.lexers._php_builtins'
21186 INFO: Analyzing hidden import 'pygments.lexers._postgres_builtins'
21192 INFO: Analyzing hidden import 'pygments.lexers._qlik_builtins'
21194 INFO: Analyzing hidden import 'pygments.lexers._scheme_builtins'
21199 INFO: Analyzing hidden import 'pygments.lexers._scilab_builtins'
21213 INFO: Analyzing hidden import 'pygments.lexers._sourcemod_builtins'
21219 INFO: Analyzing hidden import 'pygments.lexers._sql_builtins'
21222 INFO: Analyzing hidden import 'pygments.lexers._stan_builtins'
21225 INFO: Analyzing hidden import 'pygments.lexers._stata_builtins'
21235 INFO: Analyzing hidden import 'pygments.lexers._tsql_builtins'
21239 INFO: Analyzing hidden import 'pygments.lexers._usd_builtins'
21240 INFO: Analyzing hidden import 'pygments.lexers._vbscript_builtins'
21241 INFO: Analyzing hidden import 'pygments.lexers._vim_builtins'
21267 INFO: Analyzing hidden import 'pygments.lexers.actionscript'
21271 INFO: Analyzing hidden import 'pygments.lexers.ada'
21273 INFO: Analyzing hidden import 'pygments.lexers.agile'
21422 INFO: Analyzing hidden import 'pygments.lexers.algebra'
21426 INFO: Analyzing hidden import 'pygments.lexers.ambient'
21427 INFO: Analyzing hidden import 'pygments.lexers.amdgpu'
21428 INFO: Analyzing hidden import 'pygments.lexers.ampl'
21430 INFO: Analyzing hidden import 'pygments.lexers.apdlexer'
21441 INFO: Analyzing hidden import 'pygments.lexers.apl'
21442 INFO: Analyzing hidden import 'pygments.lexers.archetype'
21445 INFO: Analyzing hidden import 'pygments.lexers.arrow'
21447 INFO: Analyzing hidden import 'pygments.lexers.arturo'
21450 INFO: Analyzing hidden import 'pygments.lexers.asc'
21451 INFO: Analyzing hidden import 'pygments.lexers.asm'
21470 INFO: Analyzing hidden import 'pygments.lexers.asn1'
21471 INFO: Analyzing hidden import 'pygments.lexers.automation'
21474 INFO: Analyzing hidden import 'pygments.lexers.bare'
21475 INFO: Analyzing hidden import 'pygments.lexers.basic'
21485 INFO: Analyzing hidden import 'pygments.lexers.bdd'
21487 INFO: Analyzing hidden import 'pygments.lexers.berry'
21488 INFO: Analyzing hidden import 'pygments.lexers.bibtex'
21490 INFO: Analyzing hidden import 'pygments.lexers.blueprint'
21503 INFO: Analyzing hidden import 'pygments.lexers.boa'
21504 INFO: Analyzing hidden import 'pygments.lexers.bqn'
21505 INFO: Analyzing hidden import 'pygments.lexers.business'
21511 INFO: Analyzing hidden import 'pygments.lexers.c_like'
21522 INFO: Analyzing hidden import 'pygments.lexers.capnproto'
21523 INFO: Analyzing hidden import 'pygments.lexers.carbon'
21525 INFO: Analyzing hidden import 'pygments.lexers.cddl'
21526 INFO: Analyzing hidden import 'pygments.lexers.chapel'
21528 INFO: Analyzing hidden import 'pygments.lexers.clean'
21531 INFO: Analyzing hidden import 'pygments.lexers.codeql'
21532 INFO: Analyzing hidden import 'pygments.lexers.comal'
21533 INFO: Analyzing hidden import 'pygments.lexers.compiled'
21610 INFO: Analyzing hidden import 'pygments.lexers.configs'
21653 INFO: Analyzing hidden import 'pygments.lexers.console'
21655 INFO: Analyzing hidden import 'pygments.lexers.cplint'
21656 INFO: Analyzing hidden import 'pygments.lexers.csound'
21700 INFO: Analyzing hidden import 'pygments.lexers.dalvik'
21702 INFO: Analyzing hidden import 'pygments.lexers.dax'
21704 INFO: Analyzing hidden import 'pygments.lexers.devicetree'
21706 INFO: Analyzing hidden import 'pygments.lexers.diff'
21708 INFO: Analyzing hidden import 'pygments.lexers.dns'
21710 INFO: Analyzing hidden import 'pygments.lexers.dotnet'
21734 INFO: Analyzing hidden import 'pygments.lexers.dsls'
21748 INFO: Analyzing hidden import 'pygments.lexers.ecl'
21750 INFO: Analyzing hidden import 'pygments.lexers.eiffel'
21751 INFO: Analyzing hidden import 'pygments.lexers.elm'
21753 INFO: Analyzing hidden import 'pygments.lexers.elpi'
21766 INFO: Analyzing hidden import 'pygments.lexers.email'
21772 INFO: Analyzing hidden import 'pygments.lexers.erlang'
21781 INFO: Analyzing hidden import 'pygments.lexers.esoteric'
21784 INFO: Analyzing hidden import 'pygments.lexers.ezhil'
21785 INFO: Analyzing hidden import 'pygments.lexers.fantom'
21789 INFO: Analyzing hidden import 'pygments.lexers.fift'
21789 INFO: Analyzing hidden import 'pygments.lexers.floscript'
21791 INFO: Analyzing hidden import 'pygments.lexers.forth'
21792 INFO: Analyzing hidden import 'pygments.lexers.foxpro'
21793 INFO: Analyzing hidden import 'pygments.lexers.freefem'
21797 INFO: Analyzing hidden import 'pygments.lexers.func'
21798 INFO: Analyzing hidden import 'pygments.lexers.functional'
21836 INFO: Analyzing hidden import 'pygments.lexers.futhark'
21838 INFO: Analyzing hidden import 'pygments.lexers.gcodelexer'
21838 INFO: Analyzing hidden import 'pygments.lexers.gdscript'
21841 INFO: Analyzing hidden import 'pygments.lexers.gleam'
21842 INFO: Analyzing hidden import 'pygments.lexers.grammar_notation'
21845 INFO: Analyzing hidden import 'pygments.lexers.graph'
21846 INFO: Analyzing hidden import 'pygments.lexers.graphql'
21848 INFO: Analyzing hidden import 'pygments.lexers.graphviz'
21849 INFO: Analyzing hidden import 'pygments.lexers.gsql'
21851 INFO: Analyzing hidden import 'pygments.lexers.hare'
21852 INFO: Analyzing hidden import 'pygments.lexers.haxe'
21861 INFO: Analyzing hidden import 'pygments.lexers.hdl'
21868 INFO: Analyzing hidden import 'pygments.lexers.hexdump'
21869 INFO: Analyzing hidden import 'pygments.lexers.idl'
21874 INFO: Analyzing hidden import 'pygments.lexers.igor'
21882 INFO: Analyzing hidden import 'pygments.lexers.inferno'
21884 INFO: Analyzing hidden import 'pygments.lexers.installers'
21888 INFO: Analyzing hidden import 'pygments.lexers.int_fiction'
21910 INFO: Analyzing hidden import 'pygments.lexers.j'
21912 INFO: Analyzing hidden import 'pygments.lexers.jmespath'
21913 INFO: Analyzing hidden import 'pygments.lexers.jslt'
21915 INFO: Analyzing hidden import 'pygments.lexers.json5'
21916 INFO: Analyzing hidden import 'pygments.lexers.jsonnet'
21918 INFO: Analyzing hidden import 'pygments.lexers.jsx'
21920 INFO: Analyzing hidden import 'pygments.lexers.julia'
21924 INFO: Analyzing hidden import 'pygments.lexers.kuin'
21928 INFO: Analyzing hidden import 'pygments.lexers.kusto'
21930 INFO: Analyzing hidden import 'pygments.lexers.ldap'
21932 INFO: Analyzing hidden import 'pygments.lexers.macaulay2'
21941 INFO: Analyzing hidden import 'pygments.lexers.make'
21944 INFO: Analyzing hidden import 'pygments.lexers.maple'
21946 INFO: Analyzing hidden import 'pygments.lexers.math'
21981 INFO: Analyzing hidden import 'pygments.lexers.maxima'
21983 INFO: Analyzing hidden import 'pygments.lexers.meson'
21984 INFO: Analyzing hidden import 'pygments.lexers.minecraft'
21987 INFO: Analyzing hidden import 'pygments.lexers.mips'
21989 INFO: Analyzing hidden import 'pygments.lexers.mojo'
21995 INFO: Analyzing hidden import 'pygments.lexers.monte'
21997 INFO: Analyzing hidden import 'pygments.lexers.mosel'
22000 INFO: Analyzing hidden import 'pygments.lexers.ncl'
22008 INFO: Analyzing hidden import 'pygments.lexers.nit'
22009 INFO: Analyzing hidden import 'pygments.lexers.nix'
22011 INFO: Analyzing hidden import 'pygments.lexers.numbair'
22012 INFO: Analyzing hidden import 'pygments.lexers.oberon'
22014 INFO: Analyzing hidden import 'pygments.lexers.openscad'
22015 INFO: Analyzing hidden import 'pygments.lexers.other'
22064 INFO: Analyzing hidden import 'pygments.lexers.parasail'
22066 INFO: Analyzing hidden import 'pygments.lexers.parsers'
22075 INFO: Analyzing hidden import 'pygments.lexers.pddl'
22076 INFO: Analyzing hidden import 'pygments.lexers.phix'
22083 INFO: Analyzing hidden import 'pygments.lexers.php'
22088 INFO: Analyzing hidden import 'pygments.lexers.pointless'
22089 INFO: Analyzing hidden import 'pygments.lexers.pony'
22090 INFO: Analyzing hidden import 'pygments.lexers.praat'
22094 INFO: Analyzing hidden import 'pygments.lexers.procfile'
22095 INFO: Analyzing hidden import 'pygments.lexers.promql'
22097 INFO: Analyzing hidden import 'pygments.lexers.prql'
22100 INFO: Analyzing hidden import 'pygments.lexers.ptx'
22101 INFO: Analyzing hidden import 'pygments.lexers.q'
22104 INFO: Analyzing hidden import 'pygments.lexers.qlik'
22105 INFO: Analyzing hidden import 'pygments.lexers.qvt'
22107 INFO: Analyzing hidden import 'pygments.lexers.rdf'
22112 INFO: Analyzing hidden import 'pygments.lexers.rego'
22113 INFO: Analyzing hidden import 'pygments.lexers.rell'
22114 INFO: Analyzing hidden import 'pygments.lexers.resource'
22115 INFO: Analyzing hidden import 'pygments.lexers.ride'
22117 INFO: Analyzing hidden import 'pygments.lexers.rita'
22118 INFO: Analyzing hidden import 'pygments.lexers.rnc'
22119 INFO: Analyzing hidden import 'pygments.lexers.roboconf'
22120 INFO: Analyzing hidden import 'pygments.lexers.sas'
22124 INFO: Analyzing hidden import 'pygments.lexers.savi'
22125 INFO: Analyzing hidden import 'pygments.lexers.scdoc'
22126 INFO: Analyzing hidden import 'pygments.lexers.sgf'
22127 INFO: Analyzing hidden import 'pygments.lexers.sieve'
22128 INFO: Analyzing hidden import 'pygments.lexers.slash'
22148 INFO: Analyzing hidden import 'pygments.lexers.smithy'
22149 INFO: Analyzing hidden import 'pygments.lexers.solidity'
22151 INFO: Analyzing hidden import 'pygments.lexers.soong'
22152 INFO: Analyzing hidden import 'pygments.lexers.sophia'
22154 INFO: Analyzing hidden import 'pygments.lexers.spice'
22155 INFO: Analyzing hidden import 'pygments.lexers.srcinfo'
22156 INFO: Analyzing hidden import 'pygments.lexers.stata'
22158 INFO: Analyzing hidden import 'pygments.lexers.supercollider'
22160 INFO: Analyzing hidden import 'pygments.lexers.tablegen'
22161 INFO: Analyzing hidden import 'pygments.lexers.tact'
22165 INFO: Analyzing hidden import 'pygments.lexers.tal'
22166 INFO: Analyzing hidden import 'pygments.lexers.teal'
22168 INFO: Analyzing hidden import 'pygments.lexers.templates'
22201 INFO: Analyzing hidden import 'pygments.lexers.teraterm'
22203 INFO: Analyzing hidden import 'pygments.lexers.text'
22209 INFO: Analyzing hidden import 'pygments.lexers.thingsdb'
22211 INFO: Analyzing hidden import 'pygments.lexers.tlb'
22212 INFO: Analyzing hidden import 'pygments.lexers.tls'
22213 INFO: Analyzing hidden import 'pygments.lexers.tnt'
22219 INFO: Analyzing hidden import 'pygments.lexers.trafficscript'
22219 INFO: Analyzing hidden import 'pygments.lexers.typoscript'
22222 INFO: Analyzing hidden import 'pygments.lexers.typst'
22225 INFO: Analyzing hidden import 'pygments.lexers.ul4'
22228 INFO: Analyzing hidden import 'pygments.lexers.unicon'
22244 INFO: Analyzing hidden import 'pygments.lexers.usd'
22246 INFO: Analyzing hidden import 'pygments.lexers.varnish'
22249 INFO: Analyzing hidden import 'pygments.lexers.verification'
22251 INFO: Analyzing hidden import 'pygments.lexers.verifpal'
22252 INFO: Analyzing hidden import 'pygments.lexers.vip'
22254 INFO: Analyzing hidden import 'pygments.lexers.vyper'
22256 INFO: Analyzing hidden import 'pygments.lexers.webassembly'
22258 INFO: Analyzing hidden import 'pygments.lexers.webidl'
22262 INFO: Analyzing hidden import 'pygments.lexers.wgsl'
22264 INFO: Analyzing hidden import 'pygments.lexers.whiley'
22266 INFO: Analyzing hidden import 'pygments.lexers.wowtoc'
22267 INFO: Analyzing hidden import 'pygments.lexers.wren'
22268 INFO: Analyzing hidden import 'pygments.lexers.x10'
22269 INFO: Analyzing hidden import 'pygments.lexers.xorg'
22270 INFO: Analyzing hidden import 'pygments.lexers.yang'
22272 INFO: Analyzing hidden import 'pygments.lexers.yara'
22273 INFO: Analyzing hidden import 'pygments.lexers.zig'
22275 INFO: Analyzing hidden import 'pygments.sphinxext'
22281 INFO: Analyzing hidden import 'pygments.styles.abap'
22281 INFO: Analyzing hidden import 'pygments.styles.algol'
22282 INFO: Analyzing hidden import 'pygments.styles.algol_nu'
22283 INFO: Analyzing hidden import 'pygments.styles.arduino'
22284 INFO: Analyzing hidden import 'pygments.styles.autumn'
22285 INFO: Analyzing hidden import 'pygments.styles.borland'
22285 INFO: Analyzing hidden import 'pygments.styles.bw'
22286 INFO: Analyzing hidden import 'pygments.styles.coffee'
22287 INFO: Analyzing hidden import 'pygments.styles.colorful'
22288 INFO: Analyzing hidden import 'pygments.styles.default'
22289 INFO: Analyzing hidden import 'pygments.styles.dracula'
22290 INFO: Analyzing hidden import 'pygments.styles.emacs'
22291 INFO: Analyzing hidden import 'pygments.styles.friendly'
22292 INFO: Analyzing hidden import 'pygments.styles.friendly_grayscale'
22293 INFO: Analyzing hidden import 'pygments.styles.fruity'
22294 INFO: Analyzing hidden import 'pygments.styles.gh_dark'
22296 INFO: Analyzing hidden import 'pygments.styles.gruvbox'
22297 INFO: Analyzing hidden import 'pygments.styles.igor'
22297 INFO: Analyzing hidden import 'pygments.styles.inkpot'
22298 INFO: Analyzing hidden import 'pygments.styles.lightbulb'
22300 INFO: Analyzing hidden import 'pygments.styles.lilypond'
22301 INFO: Analyzing hidden import 'pygments.styles.lovelace'
22302 INFO: Analyzing hidden import 'pygments.styles.manni'
22303 INFO: Analyzing hidden import 'pygments.styles.material'
22305 INFO: Analyzing hidden import 'pygments.styles.monokai'
22306 INFO: Analyzing hidden import 'pygments.styles.murphy'
22307 INFO: Analyzing hidden import 'pygments.styles.native'
22308 INFO: Analyzing hidden import 'pygments.styles.nord'
22309 INFO: Analyzing hidden import 'pygments.styles.onedark'
22310 INFO: Analyzing hidden import 'pygments.styles.paraiso_dark'
22312 INFO: Analyzing hidden import 'pygments.styles.paraiso_light'
22313 INFO: Analyzing hidden import 'pygments.styles.pastie'
22314 INFO: Analyzing hidden import 'pygments.styles.perldoc'
22315 INFO: Analyzing hidden import 'pygments.styles.rainbow_dash'
22317 INFO: Analyzing hidden import 'pygments.styles.rrt'
22317 INFO: Analyzing hidden import 'pygments.styles.sas'
22318 INFO: Analyzing hidden import 'pygments.styles.solarized'
22320 INFO: Analyzing hidden import 'pygments.styles.staroffice'
22320 INFO: Analyzing hidden import 'pygments.styles.stata_dark'
22321 INFO: Analyzing hidden import 'pygments.styles.stata_light'
22322 INFO: Analyzing hidden import 'pygments.styles.tango'
22323 INFO: Analyzing hidden import 'pygments.styles.trac'
22324 INFO: Analyzing hidden import 'pygments.styles.vim'
22325 INFO: Analyzing hidden import 'pygments.styles.vs'
22325 INFO: Analyzing hidden import 'pygments.styles.xcode'
22326 INFO: Analyzing hidden import 'pygments.styles.zenburn'
22327 INFO: Analyzing hidden import 'objc._machsignals'
22328 INFO: Analyzing hidden import 'objc.simd'
22337 INFO: Processing module hooks (post-graph stage)...
22454 INFO: Performing binary vs. data reclassification (4706 entries)
23594 INFO: Looking for ctypes DLLs
23600 INFO: Analyzing run-time hooks ...
23602 INFO: Including run-time hook 'pyi_rth_inspect.py' from '/Users/yuki/Used_ai/MD Viewer Pro/venv_new/lib/python3.9/site-packages/PyInstaller/hooks/rthooks'
23604 INFO: Including run-time hook 'pyi_rth_pkgutil.py' from '/Users/yuki/Used_ai/MD Viewer Pro/venv_new/lib/python3.9/site-packages/PyInstaller/hooks/rthooks'
23605 INFO: Including run-time hook 'pyi_rth_multiprocessing.py' from '/Users/yuki/Used_ai/MD Viewer Pro/venv_new/lib/python3.9/site-packages/PyInstaller/hooks/rthooks'
23606 INFO: Including run-time hook 'pyi_rth_pyside6.py' from '/Users/yuki/Used_ai/MD Viewer Pro/venv_new/lib/python3.9/site-packages/PyInstaller/hooks/rthooks'
23607 INFO: Processing pre-find-module-path hook 'hook-_pyi_rth_utils.py' from '/Users/yuki/Used_ai/MD Viewer Pro/venv_new/lib/python3.9/site-packages/PyInstaller/hooks/pre_find_module_path'
23608 INFO: Processing standard module hook 'hook-_pyi_rth_utils.py' from '/Users/yuki/Used_ai/MD Viewer Pro/venv_new/lib/python3.9/site-packages/PyInstaller/hooks'
23715 INFO: Creating base_library.zip...
23729 INFO: Looking for dynamic libraries
26025 WARNING: Library not found: could not resolve '/usr/local/lib/libmimerapi.dylib', dependency of '/Users/yuki/Used_ai/MD Viewer Pro/venv_new/lib/python3.9/site-packages/PySide6/Qt/plugins/sqldrivers/libqsqlmimer.dylib'.
26025 WARNING: Library not found: could not resolve '/opt/homebrew/opt/libiodbc/lib/libiodbc.2.dylib', dependency of '/Users/yuki/Used_ai/MD Viewer Pro/venv_new/lib/python3.9/site-packages/PySide6/Qt/plugins/sqldrivers/libqsqlodbc.dylib'.
26025 WARNING: Library not found: could not resolve '/Applications/Postgres.app/Contents/Versions/14/lib/libpq.5.dylib', dependency of '/Users/yuki/Used_ai/MD Viewer Pro/venv_new/lib/python3.9/site-packages/PySide6/Qt/plugins/sqldrivers/libqsqlpsql.dylib'.
26025 WARNING: Library not found: could not resolve '@rpath/QtQuickShapesDesignHelpers.framework/Versions/A/QtQuickShapesDesignHelpers', dependency of '/Users/yuki/Used_ai/MD Viewer Pro/venv_new/lib/python3.9/site-packages/PySide6/Qt/qml/QtQuick/Shapes/DesignHelpers/libqtquickshapesdesignhelpersplugin.dylib'.
31605 INFO: Warnings written to /Users/yuki/Used_ai/MD Viewer Pro/build/MDViewerPro/warn-MDViewerPro.txt
31643 INFO: Graph cross-reference written to /Users/yuki/Used_ai/MD Viewer Pro/build/MDViewerPro/xref-MDViewerPro.html
33823 INFO: checking PYZ
33823 INFO: Building PYZ because PYZ-00.toc is non existent
33823 INFO: Building PYZ (ZlibArchive) /Users/yuki/Used_ai/MD Viewer Pro/build/MDViewerPro/PYZ-00.pyz
34164 INFO: Building PYZ (ZlibArchive) /Users/yuki/Used_ai/MD Viewer Pro/build/MDViewerPro/PYZ-00.pyz completed successfully.
34177 INFO: EXE target arch: arm64
34177 INFO: Code signing identity: None
34180 INFO: checking PKG
34180 INFO: Building PKG because PKG-00.toc is non existent
34180 INFO: Building PKG (CArchive) MDViewerPro.pkg
34208 INFO: Building PKG (CArchive) MDViewerPro.pkg completed successfully.
34209 INFO: Bootloader /Users/yuki/Used_ai/MD Viewer Pro/venv_new/lib/python3.9/site-packages/PyInstaller/bootloader/Darwin-64bit/runw
34209 INFO: checking EXE
34209 INFO: Building EXE because EXE-00.toc is non existent
34209 INFO: Building EXE from EXE-00.toc
34209 INFO: Copying bootloader EXE to /Users/yuki/Used_ai/MD Viewer Pro/build/MDViewerPro/MDViewerPro
34209 INFO: Converting EXE to target arch (arm64)
34235 INFO: Removing signature(s) from EXE
34256 INFO: Modifying Mach-O image UUID(s) in EXE
34265 INFO: Appending PKG archive to EXE
34266 INFO: Fixing EXE headers for code signing
34270 INFO: Re-signing the EXE
34291 INFO: Building EXE from EXE-00.toc completed successfully.
34316 INFO: checking COLLECT
34316 INFO: Building COLLECT because COLLECT-00.toc is non existent
34316 INFO: Building COLLECT COLLECT-00.toc
831991 INFO: Building COLLECT COLLECT-00.toc completed successfully.
832082 INFO: checking BUNDLE
832082 INFO: Building BUNDLE because BUNDLE-00.toc is non existent
832082 INFO: Building BUNDLE BUNDLE-00.toc
838803 INFO: Signing the BUNDLE...
839607 INFO: Building BUNDLE BUNDLE-00.toc completed successfully.
839678 INFO: Build complete! The results are available in: /Users/yuki/Used_ai/MD Viewer Pro/dist
[slim] binaries  453 -> 232 (removed 221)
[slim] datas     4593 -> 3250 (removed 1343)
      完了
[3/5] QtWebEngine フレームワーク構造を修正...
[fix] quarantine 属性を削除...
[fix] QtWebEngineProcess.app のパスを確認・修正...
[fix] 発見: dist/MDViewerPro.app/Contents/Frameworks/PySide6/Qt/lib/QtWebEngineCore.framework/Versions/Resources/Helpers/QtWebEngineProcess.app
[fix] WebEngine Resources を確認...
[fix] コード署名...
[fix] 完了: dist/MDViewerPro.app
      完了
[4/5] DMG を作成中...
      完了

══════════════════════════════════════════
  ビルド完了!
  .app  →  ./dist/MDViewerPro.app
  .dmg  →  ./MDViewerPro-Installer.dmg
══════════════════════════════════════════
