══════════════════════════════════════════
  MD Viewer Pro ビルド開始
  Python: Python 3.9.6
══════════════════════════════════════════
[1/5] 古いビルドを削除...
[2/5] .app をビルド中...
66 INFO: PyInstaller: 6.19.0, contrib hooks: 2026.4
66 INFO: Python: 3.9.6
79 INFO: Platform: macOS-26.5-arm64-arm-64bit
79 INFO: Python environment: /Users/yuki/Used_ai/MD Viewer Pro/venv_new
102 WARNING: Failed to collect submodules for 'PySide6.scripts.deploy_lib' because importing 'PySide6.scripts.deploy_lib' raised: ModuleNotFoundError: No module named 'project_lib'
1993 WARNING: collect_data_files - skipping data collection for module 'PySide6.QtWebEngineWidgets' as it is not a package.
2099 WARNING: collect_dynamic_libs - skipping library collection for module 'PySide6.QtWebEngineWidgets' as it is not a package.
2567 WARNING: collect_data_files - skipping data collection for module 'PySide6.QtWebChannel' as it is not a package.
2671 WARNING: collect_dynamic_libs - skipping library collection for module 'PySide6.QtWebChannel' as it is not a package.
4144 INFO: Module search paths (PYTHONPATH):
['/Users/yuki/Used_ai/MD Viewer Pro',
 '/Library/Developer/CommandLineTools/Library/Frameworks/Python3.framework/Versions/3.9/lib/python39.zip',
 '/Library/Developer/CommandLineTools/Library/Frameworks/Python3.framework/Versions/3.9/lib/python3.9',
 '/Library/Developer/CommandLineTools/Library/Frameworks/Python3.framework/Versions/3.9/lib/python3.9/lib-dynload',
 '/Users/yuki/Used_ai/MD Viewer Pro/venv_new/lib/python3.9/site-packages',
 '/Users/yuki/Used_ai/MD Viewer Pro']
4284 INFO: Appending 'binaries' from .spec
4290 INFO: Appending 'datas' from .spec
4419 INFO: checking Analysis
4419 INFO: Building Analysis because Analysis-00.toc is non existent
4419 INFO: Looking for Python shared library...
4424 INFO: Using Python shared library: /Library/Developer/CommandLineTools/Library/Frameworks/Python3.framework/Versions/3.9/Python3
4424 INFO: Running Analysis Analysis-00.toc
4424 INFO: Target bytecode optimization level: 0
4424 INFO: Initializing module dependency graph...
4425 INFO: Initializing module graph hook caches...
4433 INFO: Analyzing modules for base_library.zip ...
4895 INFO: Processing standard module hook 'hook-encodings.py' from '/Users/yuki/Used_ai/MD Viewer Pro/venv_new/lib/python3.9/site-packages/PyInstaller/hooks'
5228 INFO: Processing standard module hook 'hook-heapq.py' from '/Users/yuki/Used_ai/MD Viewer Pro/venv_new/lib/python3.9/site-packages/PyInstaller/hooks'
5645 INFO: Processing standard module hook 'hook-pickle.py' from '/Users/yuki/Used_ai/MD Viewer Pro/venv_new/lib/python3.9/site-packages/PyInstaller/hooks'
6399 INFO: Caching module dependency graph...
6433 INFO: Analyzing /Users/yuki/Used_ai/MD Viewer Pro/main.py
6760 INFO: Processing standard module hook 'hook-markdown.py' from '/Users/yuki/Used_ai/MD Viewer Pro/venv_new/lib/python3.9/site-packages/_pyinstaller_hooks_contrib/stdhooks'
7021 INFO: Processing standard module hook 'hook-xml.py' from '/Users/yuki/Used_ai/MD Viewer Pro/venv_new/lib/python3.9/site-packages/PyInstaller/hooks'
7034 INFO: Processing standard module hook 'hook-xml.etree.cElementTree.py' from '/Users/yuki/Used_ai/MD Viewer Pro/venv_new/lib/python3.9/site-packages/PyInstaller/hooks'
7035 INFO: Processing pre-safe-import-module hook 'hook-importlib_metadata.py' from '/Users/yuki/Used_ai/MD Viewer Pro/venv_new/lib/python3.9/site-packages/PyInstaller/hooks/pre_safe_import_module'
7036 INFO: SetuptoolsInfo: initializing cached setuptools info...
7261 INFO: Processing standard module hook 'hook-importlib_metadata.py' from '/Users/yuki/Used_ai/MD Viewer Pro/venv_new/lib/python3.9/site-packages/PyInstaller/hooks'
7282 INFO: Processing standard module hook 'hook-platform.py' from '/Users/yuki/Used_ai/MD Viewer Pro/venv_new/lib/python3.9/site-packages/PyInstaller/hooks'
7310 INFO: Processing pre-safe-import-module hook 'hook-zipp.py' from '/Users/yuki/Used_ai/MD Viewer Pro/venv_new/lib/python3.9/site-packages/PyInstaller/hooks/pre_safe_import_module'
7530 INFO: Processing standard module hook 'hook-PySide6.py' from '/Users/yuki/Used_ai/MD Viewer Pro/venv_new/lib/python3.9/site-packages/PyInstaller/hooks'
7688 INFO: Processing standard module hook 'hook-shiboken6.py' from '/Users/yuki/Used_ai/MD Viewer Pro/venv_new/lib/python3.9/site-packages/PyInstaller/hooks'
7808 INFO: Processing standard module hook 'hook-PySide6.QtNetwork.py' from '/Users/yuki/Used_ai/MD Viewer Pro/venv_new/lib/python3.9/site-packages/PyInstaller/hooks'
8551 INFO: Processing standard module hook 'hook-PySide6.QtCore.py' from '/Users/yuki/Used_ai/MD Viewer Pro/venv_new/lib/python3.9/site-packages/PyInstaller/hooks'
9171 INFO: Processing standard module hook 'hook-PySide6.QtWidgets.py' from '/Users/yuki/Used_ai/MD Viewer Pro/venv_new/lib/python3.9/site-packages/PyInstaller/hooks'
9982 INFO: Processing standard module hook 'hook-PySide6.QtGui.py' from '/Users/yuki/Used_ai/MD Viewer Pro/venv_new/lib/python3.9/site-packages/PyInstaller/hooks'
10219 INFO: Processing standard module hook 'hook-PySide6.QtWebEngineWidgets.py' from '/Users/yuki/Used_ai/MD Viewer Pro/venv_new/lib/python3.9/site-packages/PyInstaller/hooks'
10354 INFO: Processing standard module hook 'hook-PySide6.QtPrintSupport.py' from '/Users/yuki/Used_ai/MD Viewer Pro/venv_new/lib/python3.9/site-packages/PyInstaller/hooks'
10524 INFO: Processing standard module hook 'hook-PySide6.QtWebEngineCore.py' from '/Users/yuki/Used_ai/MD Viewer Pro/venv_new/lib/python3.9/site-packages/PyInstaller/hooks'
10735 WARNING: Found multiple versions in QtWebEngineCore.framework (['A', 'Resources']) - using the last one!
10741 INFO: Processing standard module hook 'hook-PySide6.QtWebChannel.py' from '/Users/yuki/Used_ai/MD Viewer Pro/venv_new/lib/python3.9/site-packages/PyInstaller/hooks'
10909 INFO: Processing standard module hook 'hook-_ctypes.py' from '/Users/yuki/Used_ai/MD Viewer Pro/venv_new/lib/python3.9/site-packages/PyInstaller/hooks'
11617 INFO: Analyzing hidden import 'PySide6.Qt3DAnimation'
11638 INFO: Processing standard module hook 'hook-PySide6.Qt3DAnimation.py' from '/Users/yuki/Used_ai/MD Viewer Pro/venv_new/lib/python3.9/site-packages/PyInstaller/hooks'
11788 INFO: Processing standard module hook 'hook-PySide6.Qt3DCore.py' from '/Users/yuki/Used_ai/MD Viewer Pro/venv_new/lib/python3.9/site-packages/PyInstaller/hooks'
12015 INFO: Processing standard module hook 'hook-PySide6.Qt3DRender.py' from '/Users/yuki/Used_ai/MD Viewer Pro/venv_new/lib/python3.9/site-packages/PyInstaller/hooks'
13434 INFO: Processing standard module hook 'hook-PySide6.QtOpenGL.py' from '/Users/yuki/Used_ai/MD Viewer Pro/venv_new/lib/python3.9/site-packages/PyInstaller/hooks'
13586 INFO: Analyzing hidden import 'PySide6.Qt3DExtras'
13639 INFO: Processing standard module hook 'hook-PySide6.Qt3DExtras.py' from '/Users/yuki/Used_ai/MD Viewer Pro/venv_new/lib/python3.9/site-packages/PyInstaller/hooks'
13766 INFO: Analyzing hidden import 'PySide6.Qt3DInput'
13783 INFO: Processing standard module hook 'hook-PySide6.Qt3DInput.py' from '/Users/yuki/Used_ai/MD Viewer Pro/venv_new/lib/python3.9/site-packages/PyInstaller/hooks'
13907 INFO: Analyzing hidden import 'PySide6.Qt3DLogic'
13908 INFO: Processing standard module hook 'hook-PySide6.Qt3DLogic.py' from '/Users/yuki/Used_ai/MD Viewer Pro/venv_new/lib/python3.9/site-packages/PyInstaller/hooks'
14032 INFO: Analyzing hidden import 'PySide6.QtAsyncio'
14147 INFO: Processing standard module hook 'hook-multiprocessing.util.py' from '/Users/yuki/Used_ai/MD Viewer Pro/venv_new/lib/python3.9/site-packages/PyInstaller/hooks'
14541 INFO: Processing pre-safe-import-module hook 'hook-typing_extensions.py' from '/Users/yuki/Used_ai/MD Viewer Pro/venv_new/lib/python3.9/site-packages/PyInstaller/hooks/pre_safe_import_module'
14542 INFO: Analyzing hidden import 'PySide6.QtBluetooth'
14588 INFO: Processing standard module hook 'hook-PySide6.QtBluetooth.py' from '/Users/yuki/Used_ai/MD Viewer Pro/venv_new/lib/python3.9/site-packages/PyInstaller/hooks'
14707 INFO: Analyzing hidden import 'PySide6.QtCharts'
14797 INFO: Processing standard module hook 'hook-PySide6.QtCharts.py' from '/Users/yuki/Used_ai/MD Viewer Pro/venv_new/lib/python3.9/site-packages/PyInstaller/hooks'
14922 INFO: Analyzing hidden import 'PySide6.QtConcurrent'
14926 INFO: Processing standard module hook 'hook-PySide6.QtConcurrent.py' from '/Users/yuki/Used_ai/MD Viewer Pro/venv_new/lib/python3.9/site-packages/PyInstaller/hooks'
15047 INFO: Analyzing hidden import 'PySide6.QtDBus'
15074 INFO: Processing standard module hook 'hook-PySide6.QtDBus.py' from '/Users/yuki/Used_ai/MD Viewer Pro/venv_new/lib/python3.9/site-packages/PyInstaller/hooks'
15195 INFO: Analyzing hidden import 'PySide6.QtDataVisualization'
15286 INFO: Processing standard module hook 'hook-PySide6.QtDataVisualization.py' from '/Users/yuki/Used_ai/MD Viewer Pro/venv_new/lib/python3.9/site-packages/PyInstaller/hooks'
15415 INFO: Analyzing hidden import 'PySide6.QtDesigner'
15438 INFO: Processing standard module hook 'hook-PySide6.QtDesigner.py' from '/Users/yuki/Used_ai/MD Viewer Pro/venv_new/lib/python3.9/site-packages/PyInstaller/hooks'
15587 INFO: Analyzing hidden import 'PySide6.QtGraphs'
15694 INFO: Processing standard module hook 'hook-PySide6.QtGraphs.py' from '/Users/yuki/Used_ai/MD Viewer Pro/venv_new/lib/python3.9/site-packages/PyInstaller/hooks'
15884 INFO: Processing standard module hook 'hook-PySide6.QtQml.py' from '/Users/yuki/Used_ai/MD Viewer Pro/venv_new/lib/python3.9/site-packages/PyInstaller/hooks'
16740 INFO: Analyzing hidden import 'PySide6.QtGraphsWidgets'
16756 INFO: Processing standard module hook 'hook-PySide6.QtGraphsWidgets.py' from '/Users/yuki/Used_ai/MD Viewer Pro/venv_new/lib/python3.9/site-packages/PyInstaller/hooks'
16954 INFO: Processing standard module hook 'hook-PySide6.QtQuick.py' from '/Users/yuki/Used_ai/MD Viewer Pro/venv_new/lib/python3.9/site-packages/PyInstaller/hooks'
17087 INFO: Processing standard module hook 'hook-PySide6.QtQuickWidgets.py' from '/Users/yuki/Used_ai/MD Viewer Pro/venv_new/lib/python3.9/site-packages/PyInstaller/hooks'
17209 INFO: Analyzing hidden import 'PySide6.QtHelp'
17223 INFO: Processing standard module hook 'hook-PySide6.QtHelp.py' from '/Users/yuki/Used_ai/MD Viewer Pro/venv_new/lib/python3.9/site-packages/PyInstaller/hooks'
17347 INFO: Analyzing hidden import 'PySide6.QtHttpServer'
17359 INFO: Processing standard module hook 'hook-PySide6.QtHttpServer.py' from '/Users/yuki/Used_ai/MD Viewer Pro/venv_new/lib/python3.9/site-packages/PyInstaller/hooks'
17480 INFO: Analyzing hidden import 'PySide6.QtLocation'
17524 INFO: Processing standard module hook 'hook-PySide6.QtLocation.py' from '/Users/yuki/Used_ai/MD Viewer Pro/venv_new/lib/python3.9/site-packages/PyInstaller/hooks'
17707 INFO: Processing standard module hook 'hook-PySide6.QtPositioning.py' from '/Users/yuki/Used_ai/MD Viewer Pro/venv_new/lib/python3.9/site-packages/PyInstaller/hooks'
17848 INFO: Analyzing hidden import 'PySide6.QtMultimedia'
17909 INFO: Processing standard module hook 'hook-PySide6.QtMultimedia.py' from '/Users/yuki/Used_ai/MD Viewer Pro/venv_new/lib/python3.9/site-packages/PyInstaller/hooks'
18052 INFO: Analyzing hidden import 'PySide6.QtMultimediaWidgets'
18055 INFO: Processing standard module hook 'hook-PySide6.QtMultimediaWidgets.py' from '/Users/yuki/Used_ai/MD Viewer Pro/venv_new/lib/python3.9/site-packages/PyInstaller/hooks'
18178 INFO: Analyzing hidden import 'PySide6.QtNetworkAuth'
18198 INFO: Processing standard module hook 'hook-PySide6.QtNetworkAuth.py' from '/Users/yuki/Used_ai/MD Viewer Pro/venv_new/lib/python3.9/site-packages/PyInstaller/hooks'
18318 INFO: Analyzing hidden import 'PySide6.QtNfc'
18347 INFO: Processing standard module hook 'hook-PySide6.QtNfc.py' from '/Users/yuki/Used_ai/MD Viewer Pro/venv_new/lib/python3.9/site-packages/PyInstaller/hooks'
18467 INFO: Analyzing hidden import 'PySide6.QtOpenGLWidgets'
18470 INFO: Processing standard module hook 'hook-PySide6.QtOpenGLWidgets.py' from '/Users/yuki/Used_ai/MD Viewer Pro/venv_new/lib/python3.9/site-packages/PyInstaller/hooks'
18590 INFO: Analyzing hidden import 'PySide6.QtPdf'
18603 INFO: Processing standard module hook 'hook-PySide6.QtPdf.py' from '/Users/yuki/Used_ai/MD Viewer Pro/venv_new/lib/python3.9/site-packages/PyInstaller/hooks'
18731 INFO: Analyzing hidden import 'PySide6.QtPdfWidgets'
18735 INFO: Processing standard module hook 'hook-PySide6.QtPdfWidgets.py' from '/Users/yuki/Used_ai/MD Viewer Pro/venv_new/lib/python3.9/site-packages/PyInstaller/hooks'
18859 INFO: Analyzing hidden import 'PySide6.QtQuick3D'
18869 INFO: Processing standard module hook 'hook-PySide6.QtQuick3D.py' from '/Users/yuki/Used_ai/MD Viewer Pro/venv_new/lib/python3.9/site-packages/PyInstaller/hooks'
18994 INFO: Analyzing hidden import 'PySide6.QtQuickControls2'
18996 INFO: Processing standard module hook 'hook-PySide6.QtQuickControls2.py' from '/Users/yuki/Used_ai/MD Viewer Pro/venv_new/lib/python3.9/site-packages/PyInstaller/hooks'
19118 INFO: Analyzing hidden import 'PySide6.QtQuickTest'
19119 INFO: Analyzing hidden import 'PySide6.QtRemoteObjects'
19134 INFO: Processing standard module hook 'hook-PySide6.QtRemoteObjects.py' from '/Users/yuki/Used_ai/MD Viewer Pro/venv_new/lib/python3.9/site-packages/PyInstaller/hooks'
19257 INFO: Analyzing hidden import 'PySide6.QtScxml'
19273 INFO: Processing standard module hook 'hook-PySide6.QtScxml.py' from '/Users/yuki/Used_ai/MD Viewer Pro/venv_new/lib/python3.9/site-packages/PyInstaller/hooks'
19398 INFO: Analyzing hidden import 'PySide6.QtSensors'
19421 INFO: Processing standard module hook 'hook-PySide6.QtSensors.py' from '/Users/yuki/Used_ai/MD Viewer Pro/venv_new/lib/python3.9/site-packages/PyInstaller/hooks'
19560 INFO: Analyzing hidden import 'PySide6.QtSerialBus'
19589 INFO: Processing standard module hook 'hook-PySide6.QtSerialBus.py' from '/Users/yuki/Used_ai/MD Viewer Pro/venv_new/lib/python3.9/site-packages/PyInstaller/hooks'
19731 INFO: Analyzing hidden import 'PySide6.QtSerialPort'
19738 INFO: Processing standard module hook 'hook-PySide6.QtSerialPort.py' from '/Users/yuki/Used_ai/MD Viewer Pro/venv_new/lib/python3.9/site-packages/PyInstaller/hooks'
19861 INFO: Analyzing hidden import 'PySide6.QtSpatialAudio'
19870 INFO: Processing standard module hook 'hook-PySide6.QtSpatialAudio.py' from '/Users/yuki/Used_ai/MD Viewer Pro/venv_new/lib/python3.9/site-packages/PyInstaller/hooks'
19991 INFO: Analyzing hidden import 'PySide6.QtSql'
20021 INFO: Processing standard module hook 'hook-PySide6.QtSql.py' from '/Users/yuki/Used_ai/MD Viewer Pro/venv_new/lib/python3.9/site-packages/PyInstaller/hooks'
20162 INFO: Analyzing hidden import 'PySide6.QtStateMachine'
20176 INFO: Processing standard module hook 'hook-PySide6.QtStateMachine.py' from '/Users/yuki/Used_ai/MD Viewer Pro/venv_new/lib/python3.9/site-packages/PyInstaller/hooks'
20300 INFO: Analyzing hidden import 'PySide6.QtSvg'
20318 INFO: Processing standard module hook 'hook-PySide6.QtSvg.py' from '/Users/yuki/Used_ai/MD Viewer Pro/venv_new/lib/python3.9/site-packages/PyInstaller/hooks'
20439 INFO: Analyzing hidden import 'PySide6.QtSvgWidgets'
20442 INFO: Processing standard module hook 'hook-PySide6.QtSvgWidgets.py' from '/Users/yuki/Used_ai/MD Viewer Pro/venv_new/lib/python3.9/site-packages/PyInstaller/hooks'
20563 INFO: Analyzing hidden import 'PySide6.QtTest'
20580 INFO: Processing standard module hook 'hook-PySide6.QtTest.py' from '/Users/yuki/Used_ai/MD Viewer Pro/venv_new/lib/python3.9/site-packages/PyInstaller/hooks'
20702 INFO: Analyzing hidden import 'PySide6.QtTextToSpeech'
20710 INFO: Processing standard module hook 'hook-PySide6.QtTextToSpeech.py' from '/Users/yuki/Used_ai/MD Viewer Pro/venv_new/lib/python3.9/site-packages/PyInstaller/hooks'
20845 INFO: Analyzing hidden import 'PySide6.QtUiTools'
20848 INFO: Processing standard module hook 'hook-PySide6.QtUiTools.py' from '/Users/yuki/Used_ai/MD Viewer Pro/venv_new/lib/python3.9/site-packages/PyInstaller/hooks'
20970 INFO: Analyzing hidden import 'PySide6.QtWebEngineQuick'
20976 INFO: Processing standard module hook 'hook-PySide6.QtWebEngineQuick.py' from '/Users/yuki/Used_ai/MD Viewer Pro/venv_new/lib/python3.9/site-packages/PyInstaller/hooks'
21102 INFO: Analyzing hidden import 'PySide6.QtWebSockets'
21111 INFO: Processing standard module hook 'hook-PySide6.QtWebSockets.py' from '/Users/yuki/Used_ai/MD Viewer Pro/venv_new/lib/python3.9/site-packages/PyInstaller/hooks'
21234 INFO: Analyzing hidden import 'PySide6.QtWebView'
21235 INFO: Analyzing hidden import 'PySide6.QtXml'
21253 INFO: Processing standard module hook 'hook-PySide6.QtXml.py' from '/Users/yuki/Used_ai/MD Viewer Pro/venv_new/lib/python3.9/site-packages/PyInstaller/hooks'
21374 INFO: Analyzing hidden import 'PySide6._config'
21375 INFO: Analyzing hidden import 'PySide6._git_pyside_version'
21376 INFO: Analyzing hidden import 'PySide6.scripts'
21376 INFO: Analyzing hidden import 'PySide6.scripts.android_deploy'
21382 INFO: Analyzing hidden import 'PySide6.scripts.deploy'
21385 INFO: Analyzing hidden import 'PySide6.scripts.metaobjectdump'
21396 INFO: Analyzing hidden import 'PySide6.scripts.project'
21404 INFO: Analyzing hidden import 'PySide6.scripts.project_lib'
21454 INFO: Analyzing hidden import 'PySide6.scripts.pyside_tool'
21473 INFO: Processing standard module hook 'hook-sysconfig.py' from '/Users/yuki/Used_ai/MD Viewer Pro/venv_new/lib/python3.9/site-packages/PyInstaller/hooks'
21483 INFO: Processing standard module hook 'hook-_osx_support.py' from '/Users/yuki/Used_ai/MD Viewer Pro/venv_new/lib/python3.9/site-packages/PyInstaller/hooks'
21488 INFO: Analyzing hidden import 'PySide6.scripts.qml'
21492 INFO: Analyzing hidden import 'PySide6.scripts.qtpy2cpp'
21495 INFO: Analyzing hidden import 'PySide6.support'
21495 INFO: Analyzing hidden import 'PySide6.support.deprecated'
21496 INFO: Analyzing hidden import 'PySide6.support.generate_pyi'
21498 INFO: Analyzing hidden import 'markdown.__main__'
21501 INFO: Analyzing hidden import 'markdown.extensions.abbr'
21506 INFO: Analyzing hidden import 'markdown.extensions.admonition'
21510 INFO: Analyzing hidden import 'markdown.extensions.attr_list'
21514 INFO: Analyzing hidden import 'markdown.extensions.codehilite'
21520 INFO: Processing standard module hook 'hook-pygments.py' from '/Users/yuki/Used_ai/MD Viewer Pro/venv_new/lib/python3.9/site-packages/PyInstaller/hooks'
22165 INFO: Analyzing hidden import 'markdown.extensions.def_list'
22168 INFO: Analyzing hidden import 'markdown.extensions.extra'
22170 INFO: Analyzing hidden import 'markdown.extensions.fenced_code'
22174 INFO: Analyzing hidden import 'markdown.extensions.footnotes'
22184 INFO: Analyzing hidden import 'markdown.extensions.legacy_attrs'
22186 INFO: Analyzing hidden import 'markdown.extensions.legacy_em'
22188 INFO: Analyzing hidden import 'markdown.extensions.md_in_html'
22208 INFO: Analyzing hidden import 'markdown.extensions.meta'
22210 INFO: Analyzing hidden import 'markdown.extensions.nl2br'
22210 INFO: Analyzing hidden import 'markdown.extensions.sane_lists'
22212 INFO: Analyzing hidden import 'markdown.extensions.smarty'
22216 INFO: Analyzing hidden import 'markdown.extensions.tables'
22222 INFO: Analyzing hidden import 'markdown.extensions.toc'
22232 INFO: Analyzing hidden import 'markdown.extensions.wikilinks'
22235 INFO: Analyzing hidden import 'markdown.test_tools'
22294 INFO: Processing standard module hook 'hook-difflib.py' from '/Users/yuki/Used_ai/MD Viewer Pro/venv_new/lib/python3.9/site-packages/PyInstaller/hooks'
22330 INFO: Analyzing hidden import 'pygments.__main__'
22371 INFO: Analyzing hidden import 'pygments.formatters.bbcode'
22373 INFO: Analyzing hidden import 'pygments.formatters.groff'
22377 INFO: Analyzing hidden import 'pygments.formatters.html'
22390 INFO: Analyzing hidden import 'pygments.formatters.img'
22401 INFO: Analyzing hidden import 'pygments.formatters.irc'
22404 INFO: Analyzing hidden import 'pygments.formatters.other'
22407 INFO: Analyzing hidden import 'pygments.formatters.pangomarkup'
22409 INFO: Analyzing hidden import 'pygments.formatters.rtf'
22415 INFO: Analyzing hidden import 'pygments.formatters.svg'
22418 INFO: Analyzing hidden import 'pygments.lexers._ada_builtins'
22419 INFO: Analyzing hidden import 'pygments.lexers._asy_builtins'
22425 INFO: Analyzing hidden import 'pygments.lexers._cl_builtins'
22428 INFO: Analyzing hidden import 'pygments.lexers._cocoa_builtins'
22442 INFO: Analyzing hidden import 'pygments.lexers._csound_builtins'
22443 INFO: Analyzing hidden import 'pygments.lexers._css_builtins'
22455 INFO: Analyzing hidden import 'pygments.lexers._googlesql_builtins'
22460 INFO: Analyzing hidden import 'pygments.lexers._julia_builtins'
22464 INFO: Analyzing hidden import 'pygments.lexers._lasso_builtins'
22479 INFO: Analyzing hidden import 'pygments.lexers._lilypond_builtins'
22504 INFO: Analyzing hidden import 'pygments.lexers._lua_builtins'
22507 INFO: Analyzing hidden import 'pygments.lexers._luau_builtins'
22508 INFO: Analyzing hidden import 'pygments.lexers._mql_builtins'
22514 INFO: Analyzing hidden import 'pygments.lexers._mysql_builtins'
22522 INFO: Analyzing hidden import 'pygments.lexers._openedge_builtins'
22534 INFO: Analyzing hidden import 'pygments.lexers._php_builtins'
22546 INFO: Analyzing hidden import 'pygments.lexers._postgres_builtins'
22552 INFO: Analyzing hidden import 'pygments.lexers._qlik_builtins'
22555 INFO: Analyzing hidden import 'pygments.lexers._scheme_builtins'
22561 INFO: Analyzing hidden import 'pygments.lexers._scilab_builtins'
22576 INFO: Analyzing hidden import 'pygments.lexers._sourcemod_builtins'
22582 INFO: Analyzing hidden import 'pygments.lexers._sql_builtins'
22585 INFO: Analyzing hidden import 'pygments.lexers._stan_builtins'
22589 INFO: Analyzing hidden import 'pygments.lexers._stata_builtins'
22599 INFO: Analyzing hidden import 'pygments.lexers._tsql_builtins'
22604 INFO: Analyzing hidden import 'pygments.lexers._usd_builtins'
22606 INFO: Analyzing hidden import 'pygments.lexers._vbscript_builtins'
22607 INFO: Analyzing hidden import 'pygments.lexers._vim_builtins'
22635 INFO: Analyzing hidden import 'pygments.lexers.actionscript'
22639 INFO: Analyzing hidden import 'pygments.lexers.ada'
22642 INFO: Analyzing hidden import 'pygments.lexers.agile'
22798 INFO: Analyzing hidden import 'pygments.lexers.algebra'
22803 INFO: Analyzing hidden import 'pygments.lexers.ambient'
22805 INFO: Analyzing hidden import 'pygments.lexers.amdgpu'
22806 INFO: Analyzing hidden import 'pygments.lexers.ampl'
22808 INFO: Analyzing hidden import 'pygments.lexers.apdlexer'
22820 INFO: Analyzing hidden import 'pygments.lexers.apl'
22821 INFO: Analyzing hidden import 'pygments.lexers.archetype'
22825 INFO: Analyzing hidden import 'pygments.lexers.arrow'
22827 INFO: Analyzing hidden import 'pygments.lexers.arturo'
22831 INFO: Analyzing hidden import 'pygments.lexers.asc'
22832 INFO: Analyzing hidden import 'pygments.lexers.asm'
22852 INFO: Analyzing hidden import 'pygments.lexers.asn1'
22854 INFO: Analyzing hidden import 'pygments.lexers.automation'
22857 INFO: Analyzing hidden import 'pygments.lexers.bare'
22859 INFO: Analyzing hidden import 'pygments.lexers.basic'
22870 INFO: Analyzing hidden import 'pygments.lexers.bdd'
22871 INFO: Analyzing hidden import 'pygments.lexers.berry'
22872 INFO: Analyzing hidden import 'pygments.lexers.bibtex'
22875 INFO: Analyzing hidden import 'pygments.lexers.blueprint'
22888 INFO: Analyzing hidden import 'pygments.lexers.boa'
22890 INFO: Analyzing hidden import 'pygments.lexers.bqn'
22891 INFO: Analyzing hidden import 'pygments.lexers.business'
22897 INFO: Analyzing hidden import 'pygments.lexers.c_like'
22908 INFO: Analyzing hidden import 'pygments.lexers.capnproto'
22910 INFO: Analyzing hidden import 'pygments.lexers.carbon'
22911 INFO: Analyzing hidden import 'pygments.lexers.cddl'
22913 INFO: Analyzing hidden import 'pygments.lexers.chapel'
22916 INFO: Analyzing hidden import 'pygments.lexers.clean'
22919 INFO: Analyzing hidden import 'pygments.lexers.codeql'
22920 INFO: Analyzing hidden import 'pygments.lexers.comal'
22921 INFO: Analyzing hidden import 'pygments.lexers.compiled'
23006 INFO: Analyzing hidden import 'pygments.lexers.configs'
23051 INFO: Analyzing hidden import 'pygments.lexers.console'
23053 INFO: Analyzing hidden import 'pygments.lexers.cplint'
23054 INFO: Analyzing hidden import 'pygments.lexers.csound'
23098 INFO: Analyzing hidden import 'pygments.lexers.dalvik'
23100 INFO: Analyzing hidden import 'pygments.lexers.dax'
23102 INFO: Analyzing hidden import 'pygments.lexers.devicetree'
23104 INFO: Analyzing hidden import 'pygments.lexers.diff'
23106 INFO: Analyzing hidden import 'pygments.lexers.dns'
23108 INFO: Analyzing hidden import 'pygments.lexers.dotnet'
23133 INFO: Analyzing hidden import 'pygments.lexers.dsls'
23146 INFO: Analyzing hidden import 'pygments.lexers.ecl'
23149 INFO: Analyzing hidden import 'pygments.lexers.eiffel'
23150 INFO: Analyzing hidden import 'pygments.lexers.elm'
23152 INFO: Analyzing hidden import 'pygments.lexers.elpi'
23167 INFO: Analyzing hidden import 'pygments.lexers.email'
23173 INFO: Analyzing hidden import 'pygments.lexers.erlang'
23183 INFO: Analyzing hidden import 'pygments.lexers.esoteric'
23187 INFO: Analyzing hidden import 'pygments.lexers.ezhil'
23189 INFO: Analyzing hidden import 'pygments.lexers.fantom'
23192 INFO: Analyzing hidden import 'pygments.lexers.fift'
23194 INFO: Analyzing hidden import 'pygments.lexers.floscript'
23195 INFO: Analyzing hidden import 'pygments.lexers.forth'
23196 INFO: Analyzing hidden import 'pygments.lexers.foxpro'
23198 INFO: Analyzing hidden import 'pygments.lexers.freefem'
23202 INFO: Analyzing hidden import 'pygments.lexers.func'
23204 INFO: Analyzing hidden import 'pygments.lexers.functional'
23247 INFO: Analyzing hidden import 'pygments.lexers.futhark'
23249 INFO: Analyzing hidden import 'pygments.lexers.gcodelexer'
23250 INFO: Analyzing hidden import 'pygments.lexers.gdscript'
23253 INFO: Analyzing hidden import 'pygments.lexers.gleam'
23254 INFO: Analyzing hidden import 'pygments.lexers.grammar_notation'
23257 INFO: Analyzing hidden import 'pygments.lexers.graph'
23259 INFO: Analyzing hidden import 'pygments.lexers.graphql'
23262 INFO: Analyzing hidden import 'pygments.lexers.graphviz'
23263 INFO: Analyzing hidden import 'pygments.lexers.gsql'
23264 INFO: Analyzing hidden import 'pygments.lexers.hare'
23266 INFO: Analyzing hidden import 'pygments.lexers.haxe'
23276 INFO: Analyzing hidden import 'pygments.lexers.hdl'
23282 INFO: Analyzing hidden import 'pygments.lexers.hexdump'
23284 INFO: Analyzing hidden import 'pygments.lexers.idl'
23290 INFO: Analyzing hidden import 'pygments.lexers.igor'
23298 INFO: Analyzing hidden import 'pygments.lexers.inferno'
23300 INFO: Analyzing hidden import 'pygments.lexers.installers'
23304 INFO: Analyzing hidden import 'pygments.lexers.int_fiction'
23327 INFO: Analyzing hidden import 'pygments.lexers.j'
23329 INFO: Analyzing hidden import 'pygments.lexers.jmespath'
23331 INFO: Analyzing hidden import 'pygments.lexers.jslt'
23333 INFO: Analyzing hidden import 'pygments.lexers.json5'
23334 INFO: Analyzing hidden import 'pygments.lexers.jsonnet'
23337 INFO: Analyzing hidden import 'pygments.lexers.jsx'
23338 INFO: Analyzing hidden import 'pygments.lexers.julia'
23343 INFO: Analyzing hidden import 'pygments.lexers.kuin'
23348 INFO: Analyzing hidden import 'pygments.lexers.kusto'
23349 INFO: Analyzing hidden import 'pygments.lexers.ldap'
23352 INFO: Analyzing hidden import 'pygments.lexers.macaulay2'
23361 INFO: Analyzing hidden import 'pygments.lexers.make'
23364 INFO: Analyzing hidden import 'pygments.lexers.maple'
23367 INFO: Analyzing hidden import 'pygments.lexers.math'
23404 INFO: Analyzing hidden import 'pygments.lexers.maxima'
23406 INFO: Analyzing hidden import 'pygments.lexers.meson'
23407 INFO: Analyzing hidden import 'pygments.lexers.minecraft'
23411 INFO: Analyzing hidden import 'pygments.lexers.mips'
23414 INFO: Analyzing hidden import 'pygments.lexers.mojo'
23420 INFO: Analyzing hidden import 'pygments.lexers.monte'
23422 INFO: Analyzing hidden import 'pygments.lexers.mosel'
23426 INFO: Analyzing hidden import 'pygments.lexers.ncl'
23435 INFO: Analyzing hidden import 'pygments.lexers.nit'
23436 INFO: Analyzing hidden import 'pygments.lexers.nix'
23439 INFO: Analyzing hidden import 'pygments.lexers.numbair'
23440 INFO: Analyzing hidden import 'pygments.lexers.oberon'
23442 INFO: Analyzing hidden import 'pygments.lexers.openscad'
23444 INFO: Analyzing hidden import 'pygments.lexers.other'
23496 INFO: Analyzing hidden import 'pygments.lexers.parasail'
23497 INFO: Analyzing hidden import 'pygments.lexers.parsers'
23508 INFO: Analyzing hidden import 'pygments.lexers.pddl'
23509 INFO: Analyzing hidden import 'pygments.lexers.phix'
23517 INFO: Analyzing hidden import 'pygments.lexers.php'
23522 INFO: Analyzing hidden import 'pygments.lexers.pointless'
23523 INFO: Analyzing hidden import 'pygments.lexers.pony'
23525 INFO: Analyzing hidden import 'pygments.lexers.praat'
23530 INFO: Analyzing hidden import 'pygments.lexers.procfile'
23531 INFO: Analyzing hidden import 'pygments.lexers.promql'
23532 INFO: Analyzing hidden import 'pygments.lexers.prql'
23536 INFO: Analyzing hidden import 'pygments.lexers.ptx'
23538 INFO: Analyzing hidden import 'pygments.lexers.q'
23540 INFO: Analyzing hidden import 'pygments.lexers.qlik'
23542 INFO: Analyzing hidden import 'pygments.lexers.qvt'
23544 INFO: Analyzing hidden import 'pygments.lexers.rdf'
23549 INFO: Analyzing hidden import 'pygments.lexers.rego'
23551 INFO: Analyzing hidden import 'pygments.lexers.rell'
23552 INFO: Analyzing hidden import 'pygments.lexers.resource'
23554 INFO: Analyzing hidden import 'pygments.lexers.ride'
23556 INFO: Analyzing hidden import 'pygments.lexers.rita'
23557 INFO: Analyzing hidden import 'pygments.lexers.rnc'
23558 INFO: Analyzing hidden import 'pygments.lexers.roboconf'
23559 INFO: Analyzing hidden import 'pygments.lexers.sas'
23563 INFO: Analyzing hidden import 'pygments.lexers.savi'
23565 INFO: Analyzing hidden import 'pygments.lexers.scdoc'
23567 INFO: Analyzing hidden import 'pygments.lexers.sgf'
23568 INFO: Analyzing hidden import 'pygments.lexers.sieve'
23569 INFO: Analyzing hidden import 'pygments.lexers.slash'
23589 INFO: Analyzing hidden import 'pygments.lexers.smithy'
23591 INFO: Analyzing hidden import 'pygments.lexers.solidity'
23593 INFO: Analyzing hidden import 'pygments.lexers.soong'
23594 INFO: Analyzing hidden import 'pygments.lexers.sophia'
23595 INFO: Analyzing hidden import 'pygments.lexers.spice'
23597 INFO: Analyzing hidden import 'pygments.lexers.srcinfo'
23598 INFO: Analyzing hidden import 'pygments.lexers.stata'
23600 INFO: Analyzing hidden import 'pygments.lexers.supercollider'
23602 INFO: Analyzing hidden import 'pygments.lexers.tablegen'
23604 INFO: Analyzing hidden import 'pygments.lexers.tact'
23608 INFO: Analyzing hidden import 'pygments.lexers.tal'
23610 INFO: Analyzing hidden import 'pygments.lexers.teal'
23611 INFO: Analyzing hidden import 'pygments.lexers.templates'
23645 INFO: Analyzing hidden import 'pygments.lexers.teraterm'
23647 INFO: Analyzing hidden import 'pygments.lexers.text'
23655 INFO: Analyzing hidden import 'pygments.lexers.thingsdb'
23656 INFO: Analyzing hidden import 'pygments.lexers.tlb'
23658 INFO: Analyzing hidden import 'pygments.lexers.tls'
23659 INFO: Analyzing hidden import 'pygments.lexers.tnt'
23665 INFO: Analyzing hidden import 'pygments.lexers.trafficscript'
23666 INFO: Analyzing hidden import 'pygments.lexers.typoscript'
23669 INFO: Analyzing hidden import 'pygments.lexers.typst'
23672 INFO: Analyzing hidden import 'pygments.lexers.ul4'
23676 INFO: Analyzing hidden import 'pygments.lexers.unicon'
23693 INFO: Analyzing hidden import 'pygments.lexers.usd'
23695 INFO: Analyzing hidden import 'pygments.lexers.varnish'
23698 INFO: Analyzing hidden import 'pygments.lexers.verification'
23700 INFO: Analyzing hidden import 'pygments.lexers.verifpal'
23701 INFO: Analyzing hidden import 'pygments.lexers.vip'
23704 INFO: Analyzing hidden import 'pygments.lexers.vyper'
23706 INFO: Analyzing hidden import 'pygments.lexers.webassembly'
23709 INFO: Analyzing hidden import 'pygments.lexers.webidl'
23713 INFO: Analyzing hidden import 'pygments.lexers.wgsl'
23715 INFO: Analyzing hidden import 'pygments.lexers.whiley'
23717 INFO: Analyzing hidden import 'pygments.lexers.wowtoc'
23718 INFO: Analyzing hidden import 'pygments.lexers.wren'
23720 INFO: Analyzing hidden import 'pygments.lexers.x10'
23721 INFO: Analyzing hidden import 'pygments.lexers.xorg'
23722 INFO: Analyzing hidden import 'pygments.lexers.yang'
23724 INFO: Analyzing hidden import 'pygments.lexers.yara'
23726 INFO: Analyzing hidden import 'pygments.lexers.zig'
23727 INFO: Analyzing hidden import 'pygments.sphinxext'
23733 INFO: Analyzing hidden import 'pygments.styles.abap'
23734 INFO: Analyzing hidden import 'pygments.styles.algol'
23735 INFO: Analyzing hidden import 'pygments.styles.algol_nu'
23736 INFO: Analyzing hidden import 'pygments.styles.arduino'
23737 INFO: Analyzing hidden import 'pygments.styles.autumn'
23738 INFO: Analyzing hidden import 'pygments.styles.borland'
23739 INFO: Analyzing hidden import 'pygments.styles.bw'
23740 INFO: Analyzing hidden import 'pygments.styles.coffee'
23741 INFO: Analyzing hidden import 'pygments.styles.colorful'
23742 INFO: Analyzing hidden import 'pygments.styles.default'
23743 INFO: Analyzing hidden import 'pygments.styles.dracula'
23744 INFO: Analyzing hidden import 'pygments.styles.emacs'
23745 INFO: Analyzing hidden import 'pygments.styles.friendly'
23746 INFO: Analyzing hidden import 'pygments.styles.friendly_grayscale'
23747 INFO: Analyzing hidden import 'pygments.styles.fruity'
23748 INFO: Analyzing hidden import 'pygments.styles.gh_dark'
23750 INFO: Analyzing hidden import 'pygments.styles.gruvbox'
23751 INFO: Analyzing hidden import 'pygments.styles.igor'
23752 INFO: Analyzing hidden import 'pygments.styles.inkpot'
23753 INFO: Analyzing hidden import 'pygments.styles.lightbulb'
23755 INFO: Analyzing hidden import 'pygments.styles.lilypond'
23756 INFO: Analyzing hidden import 'pygments.styles.lovelace'
23757 INFO: Analyzing hidden import 'pygments.styles.manni'
23759 INFO: Analyzing hidden import 'pygments.styles.material'
23760 INFO: Analyzing hidden import 'pygments.styles.monokai'
23761 INFO: Analyzing hidden import 'pygments.styles.murphy'
23763 INFO: Analyzing hidden import 'pygments.styles.native'
23764 INFO: Analyzing hidden import 'pygments.styles.nord'
23766 INFO: Analyzing hidden import 'pygments.styles.onedark'
23767 INFO: Analyzing hidden import 'pygments.styles.paraiso_dark'
23768 INFO: Analyzing hidden import 'pygments.styles.paraiso_light'
23770 INFO: Analyzing hidden import 'pygments.styles.pastie'
23771 INFO: Analyzing hidden import 'pygments.styles.perldoc'
23772 INFO: Analyzing hidden import 'pygments.styles.rainbow_dash'
23774 INFO: Analyzing hidden import 'pygments.styles.rrt'
23775 INFO: Analyzing hidden import 'pygments.styles.sas'
23775 INFO: Analyzing hidden import 'pygments.styles.solarized'
23777 INFO: Analyzing hidden import 'pygments.styles.staroffice'
23778 INFO: Analyzing hidden import 'pygments.styles.stata_dark'
23779 INFO: Analyzing hidden import 'pygments.styles.stata_light'
23779 INFO: Analyzing hidden import 'pygments.styles.tango'
23781 INFO: Analyzing hidden import 'pygments.styles.trac'
23782 INFO: Analyzing hidden import 'pygments.styles.vim'
23783 INFO: Analyzing hidden import 'pygments.styles.vs'
23784 INFO: Analyzing hidden import 'pygments.styles.xcode'
23785 INFO: Analyzing hidden import 'pygments.styles.zenburn'
23786 INFO: Analyzing hidden import 'objc._machsignals'
23786 INFO: Analyzing hidden import 'objc.simd'
23796 INFO: Processing module hooks (post-graph stage)...
23914 INFO: Performing binary vs. data reclassification (4706 entries)
25482 INFO: Looking for ctypes DLLs
25487 INFO: Analyzing run-time hooks ...
25490 INFO: Including run-time hook 'pyi_rth_inspect.py' from '/Users/yuki/Used_ai/MD Viewer Pro/venv_new/lib/python3.9/site-packages/PyInstaller/hooks/rthooks'
25492 INFO: Including run-time hook 'pyi_rth_pkgutil.py' from '/Users/yuki/Used_ai/MD Viewer Pro/venv_new/lib/python3.9/site-packages/PyInstaller/hooks/rthooks'
25494 INFO: Including run-time hook 'pyi_rth_multiprocessing.py' from '/Users/yuki/Used_ai/MD Viewer Pro/venv_new/lib/python3.9/site-packages/PyInstaller/hooks/rthooks'
25495 INFO: Including run-time hook 'pyi_rth_pyside6.py' from '/Users/yuki/Used_ai/MD Viewer Pro/venv_new/lib/python3.9/site-packages/PyInstaller/hooks/rthooks'
25496 INFO: Processing pre-find-module-path hook 'hook-_pyi_rth_utils.py' from '/Users/yuki/Used_ai/MD Viewer Pro/venv_new/lib/python3.9/site-packages/PyInstaller/hooks/pre_find_module_path'
25497 INFO: Processing standard module hook 'hook-_pyi_rth_utils.py' from '/Users/yuki/Used_ai/MD Viewer Pro/venv_new/lib/python3.9/site-packages/PyInstaller/hooks'
25608 INFO: Creating base_library.zip...
25622 INFO: Looking for dynamic libraries
28087 WARNING: Library not found: could not resolve '/usr/local/lib/libmimerapi.dylib', dependency of '/Users/yuki/Used_ai/MD Viewer Pro/venv_new/lib/python3.9/site-packages/PySide6/Qt/plugins/sqldrivers/libqsqlmimer.dylib'.
28087 WARNING: Library not found: could not resolve '/opt/homebrew/opt/libiodbc/lib/libiodbc.2.dylib', dependency of '/Users/yuki/Used_ai/MD Viewer Pro/venv_new/lib/python3.9/site-packages/PySide6/Qt/plugins/sqldrivers/libqsqlodbc.dylib'.
28087 WARNING: Library not found: could not resolve '/Applications/Postgres.app/Contents/Versions/14/lib/libpq.5.dylib', dependency of '/Users/yuki/Used_ai/MD Viewer Pro/venv_new/lib/python3.9/site-packages/PySide6/Qt/plugins/sqldrivers/libqsqlpsql.dylib'.
28087 WARNING: Library not found: could not resolve '@rpath/QtQuickShapesDesignHelpers.framework/Versions/A/QtQuickShapesDesignHelpers', dependency of '/Users/yuki/Used_ai/MD Viewer Pro/venv_new/lib/python3.9/site-packages/PySide6/Qt/qml/QtQuick/Shapes/DesignHelpers/libqtquickshapesdesignhelpersplugin.dylib'.
33668 INFO: Warnings written to /Users/yuki/Used_ai/MD Viewer Pro/build/MDViewerPro/warn-MDViewerPro.txt
33707 INFO: Graph cross-reference written to /Users/yuki/Used_ai/MD Viewer Pro/build/MDViewerPro/xref-MDViewerPro.html
35168 INFO: checking PYZ
35168 INFO: Building PYZ because PYZ-00.toc is non existent
35168 INFO: Building PYZ (ZlibArchive) /Users/yuki/Used_ai/MD Viewer Pro/build/MDViewerPro/PYZ-00.pyz
35514 INFO: Building PYZ (ZlibArchive) /Users/yuki/Used_ai/MD Viewer Pro/build/MDViewerPro/PYZ-00.pyz completed successfully.
35526 INFO: EXE target arch: arm64
35526 INFO: Code signing identity: None
35529 INFO: checking PKG
35529 INFO: Building PKG because PKG-00.toc is non existent
35529 INFO: Building PKG (CArchive) MDViewerPro.pkg
35559 INFO: Building PKG (CArchive) MDViewerPro.pkg completed successfully.
35559 INFO: Bootloader /Users/yuki/Used_ai/MD Viewer Pro/venv_new/lib/python3.9/site-packages/PyInstaller/bootloader/Darwin-64bit/runw
35559 INFO: checking EXE
35559 INFO: Building EXE because EXE-00.toc is non existent
35559 INFO: Building EXE from EXE-00.toc
35559 INFO: Copying bootloader EXE to /Users/yuki/Used_ai/MD Viewer Pro/build/MDViewerPro/MDViewerPro
35560 INFO: Converting EXE to target arch (arm64)
35601 INFO: Removing signature(s) from EXE
35623 INFO: Modifying Mach-O image UUID(s) in EXE
35632 INFO: Appending PKG archive to EXE
35634 INFO: Fixing EXE headers for code signing
35638 INFO: Re-signing the EXE
35663 INFO: Building EXE from EXE-00.toc completed successfully.
35689 INFO: checking COLLECT
35689 INFO: Building COLLECT because COLLECT-00.toc is non existent
35689 INFO: Building COLLECT COLLECT-00.toc
42488 INFO: Building COLLECT COLLECT-00.toc completed successfully.
42580 INFO: checking BUNDLE
42580 INFO: Building BUNDLE because BUNDLE-00.toc is non existent
42580 INFO: Building BUNDLE BUNDLE-00.toc
49471 INFO: Signing the BUNDLE...
50288 INFO: Building BUNDLE BUNDLE-00.toc completed successfully.
50359 INFO: Build complete! The results are available in: /Users/yuki/Used_ai/MD Viewer Pro/dist
[slim] binaries  453 -> 232 (removed 221)
[slim] datas     4593 -> 3250 (removed 1343)
      完了
[3/5] QtWebEngine フレームワーク構造を修正...
[fix] quarantine 属性を削除...
[fix] QtWebEngineProcess.app のパスを確認・修正...
[fix] 発見: dist/MDViewerPro.app/Contents/Frameworks/PySide6/Qt/lib/QtWebEngineCore.framework/Versions/Resources/Helpers/QtWebEngineProcess.app
[fix] WebEngine Resources を確認...
[fix] コード署名...
[fix] 完了: dist/MDViewerPro.app
      完了
[4/5] DMG を作成中...
      完了

══════════════════════════════════════════
  ビルド完了!
  .app  →  ./dist/MDViewerPro.app
  .dmg  →  ./MDViewerPro-Installer.dmg
══════════════════════════════════════════
