══════════════════════════════════════════
  MD Viewer Pro ビルド開始
  Python: Python 3.9.6
══════════════════════════════════════════
[1/5] 古いビルドを削除...
[2/5] .app をビルド中...
38 INFO: PyInstaller: 6.19.0, contrib hooks: 2026.4
38 INFO: Python: 3.9.6
49 INFO: Platform: macOS-26.5-arm64-arm-64bit
49 INFO: Python environment: /Users/yuki/Used_ai/MD Viewer Pro/venv_new
79 WARNING: Failed to collect submodules for 'PySide6.scripts.deploy_lib' because importing 'PySide6.scripts.deploy_lib' raised: ModuleNotFoundError: No module named 'project_lib'
1513 WARNING: collect_data_files - skipping data collection for module 'PySide6.QtWebEngineWidgets' as it is not a package.
1599 WARNING: collect_dynamic_libs - skipping library collection for module 'PySide6.QtWebEngineWidgets' as it is not a package.
1959 WARNING: collect_data_files - skipping data collection for module 'PySide6.QtWebChannel' as it is not a package.
2040 WARNING: collect_dynamic_libs - skipping library collection for module 'PySide6.QtWebChannel' as it is not a package.
3282 INFO: Module search paths (PYTHONPATH):
['/Users/yuki/Used_ai/MD Viewer Pro',
 '/Library/Developer/CommandLineTools/Library/Frameworks/Python3.framework/Versions/3.9/lib/python39.zip',
 '/Library/Developer/CommandLineTools/Library/Frameworks/Python3.framework/Versions/3.9/lib/python3.9',
 '/Library/Developer/CommandLineTools/Library/Frameworks/Python3.framework/Versions/3.9/lib/python3.9/lib-dynload',
 '/Users/yuki/Used_ai/MD Viewer Pro/venv_new/lib/python3.9/site-packages',
 '/Users/yuki/Used_ai/MD Viewer Pro']
3381 INFO: Appending 'binaries' from .spec
3385 INFO: Appending 'datas' from .spec
3486 INFO: checking Analysis
3486 INFO: Building Analysis because Analysis-00.toc is non existent
3486 INFO: Looking for Python shared library...
3491 INFO: Using Python shared library: /Library/Developer/CommandLineTools/Library/Frameworks/Python3.framework/Versions/3.9/Python3
3491 INFO: Running Analysis Analysis-00.toc
3491 INFO: Target bytecode optimization level: 0
3491 INFO: Initializing module dependency graph...
3492 INFO: Initializing module graph hook caches...
3498 INFO: Analyzing modules for base_library.zip ...
3768 INFO: Processing standard module hook 'hook-heapq.py' from '/Users/yuki/Used_ai/MD Viewer Pro/venv_new/lib/python3.9/site-packages/PyInstaller/hooks'
3815 INFO: Processing standard module hook 'hook-encodings.py' from '/Users/yuki/Used_ai/MD Viewer Pro/venv_new/lib/python3.9/site-packages/PyInstaller/hooks'
4485 INFO: Processing standard module hook 'hook-pickle.py' from '/Users/yuki/Used_ai/MD Viewer Pro/venv_new/lib/python3.9/site-packages/PyInstaller/hooks'
4969 INFO: Caching module dependency graph...
4995 INFO: Analyzing /Users/yuki/Used_ai/MD Viewer Pro/main.py
5207 INFO: Processing standard module hook 'hook-markdown.py' from '/Users/yuki/Used_ai/MD Viewer Pro/venv_new/lib/python3.9/site-packages/_pyinstaller_hooks_contrib/stdhooks'
5414 INFO: Processing standard module hook 'hook-xml.py' from '/Users/yuki/Used_ai/MD Viewer Pro/venv_new/lib/python3.9/site-packages/PyInstaller/hooks'
5424 INFO: Processing standard module hook 'hook-xml.etree.cElementTree.py' from '/Users/yuki/Used_ai/MD Viewer Pro/venv_new/lib/python3.9/site-packages/PyInstaller/hooks'
5425 INFO: Processing pre-safe-import-module hook 'hook-importlib_metadata.py' from '/Users/yuki/Used_ai/MD Viewer Pro/venv_new/lib/python3.9/site-packages/PyInstaller/hooks/pre_safe_import_module'
5426 INFO: SetuptoolsInfo: initializing cached setuptools info...
5604 INFO: Processing standard module hook 'hook-importlib_metadata.py' from '/Users/yuki/Used_ai/MD Viewer Pro/venv_new/lib/python3.9/site-packages/PyInstaller/hooks'
5620 INFO: Processing standard module hook 'hook-platform.py' from '/Users/yuki/Used_ai/MD Viewer Pro/venv_new/lib/python3.9/site-packages/PyInstaller/hooks'
5643 INFO: Processing pre-safe-import-module hook 'hook-zipp.py' from '/Users/yuki/Used_ai/MD Viewer Pro/venv_new/lib/python3.9/site-packages/PyInstaller/hooks/pre_safe_import_module'
5811 INFO: Processing standard module hook 'hook-PySide6.py' from '/Users/yuki/Used_ai/MD Viewer Pro/venv_new/lib/python3.9/site-packages/PyInstaller/hooks'
5932 INFO: Processing standard module hook 'hook-shiboken6.py' from '/Users/yuki/Used_ai/MD Viewer Pro/venv_new/lib/python3.9/site-packages/PyInstaller/hooks'
6013 INFO: Processing standard module hook 'hook-PySide6.QtNetwork.py' from '/Users/yuki/Used_ai/MD Viewer Pro/venv_new/lib/python3.9/site-packages/PyInstaller/hooks'
6722 INFO: Processing standard module hook 'hook-PySide6.QtCore.py' from '/Users/yuki/Used_ai/MD Viewer Pro/venv_new/lib/python3.9/site-packages/PyInstaller/hooks'
7216 INFO: Processing standard module hook 'hook-PySide6.QtWidgets.py' from '/Users/yuki/Used_ai/MD Viewer Pro/venv_new/lib/python3.9/site-packages/PyInstaller/hooks'
7800 INFO: Processing standard module hook 'hook-PySide6.QtGui.py' from '/Users/yuki/Used_ai/MD Viewer Pro/venv_new/lib/python3.9/site-packages/PyInstaller/hooks'
7987 INFO: Processing standard module hook 'hook-PySide6.QtWebEngineWidgets.py' from '/Users/yuki/Used_ai/MD Viewer Pro/venv_new/lib/python3.9/site-packages/PyInstaller/hooks'
8110 INFO: Processing standard module hook 'hook-PySide6.QtPrintSupport.py' from '/Users/yuki/Used_ai/MD Viewer Pro/venv_new/lib/python3.9/site-packages/PyInstaller/hooks'
8243 INFO: Processing standard module hook 'hook-PySide6.QtWebEngineCore.py' from '/Users/yuki/Used_ai/MD Viewer Pro/venv_new/lib/python3.9/site-packages/PyInstaller/hooks'
8399 WARNING: Found multiple versions in QtWebEngineCore.framework (['A', 'Resources']) - using the last one!
8403 INFO: Processing standard module hook 'hook-PySide6.QtWebChannel.py' from '/Users/yuki/Used_ai/MD Viewer Pro/venv_new/lib/python3.9/site-packages/PyInstaller/hooks'
8535 INFO: Processing standard module hook 'hook-_ctypes.py' from '/Users/yuki/Used_ai/MD Viewer Pro/venv_new/lib/python3.9/site-packages/PyInstaller/hooks'
9077 INFO: Analyzing hidden import 'PySide6.Qt3DAnimation'
9094 INFO: Processing standard module hook 'hook-PySide6.Qt3DAnimation.py' from '/Users/yuki/Used_ai/MD Viewer Pro/venv_new/lib/python3.9/site-packages/PyInstaller/hooks'
9211 INFO: Processing standard module hook 'hook-PySide6.Qt3DCore.py' from '/Users/yuki/Used_ai/MD Viewer Pro/venv_new/lib/python3.9/site-packages/PyInstaller/hooks'
9380 INFO: Processing standard module hook 'hook-PySide6.Qt3DRender.py' from '/Users/yuki/Used_ai/MD Viewer Pro/venv_new/lib/python3.9/site-packages/PyInstaller/hooks'
10573 INFO: Processing standard module hook 'hook-PySide6.QtOpenGL.py' from '/Users/yuki/Used_ai/MD Viewer Pro/venv_new/lib/python3.9/site-packages/PyInstaller/hooks'
10695 INFO: Analyzing hidden import 'PySide6.Qt3DExtras'
10735 INFO: Processing standard module hook 'hook-PySide6.Qt3DExtras.py' from '/Users/yuki/Used_ai/MD Viewer Pro/venv_new/lib/python3.9/site-packages/PyInstaller/hooks'
10839 INFO: Analyzing hidden import 'PySide6.Qt3DInput'
10852 INFO: Processing standard module hook 'hook-PySide6.Qt3DInput.py' from '/Users/yuki/Used_ai/MD Viewer Pro/venv_new/lib/python3.9/site-packages/PyInstaller/hooks'
10949 INFO: Analyzing hidden import 'PySide6.Qt3DLogic'
10950 INFO: Processing standard module hook 'hook-PySide6.Qt3DLogic.py' from '/Users/yuki/Used_ai/MD Viewer Pro/venv_new/lib/python3.9/site-packages/PyInstaller/hooks'
11046 INFO: Analyzing hidden import 'PySide6.QtAsyncio'
11125 INFO: Processing standard module hook 'hook-multiprocessing.util.py' from '/Users/yuki/Used_ai/MD Viewer Pro/venv_new/lib/python3.9/site-packages/PyInstaller/hooks'
11447 INFO: Processing pre-safe-import-module hook 'hook-typing_extensions.py' from '/Users/yuki/Used_ai/MD Viewer Pro/venv_new/lib/python3.9/site-packages/PyInstaller/hooks/pre_safe_import_module'
11448 INFO: Analyzing hidden import 'PySide6.QtBluetooth'
11482 INFO: Processing standard module hook 'hook-PySide6.QtBluetooth.py' from '/Users/yuki/Used_ai/MD Viewer Pro/venv_new/lib/python3.9/site-packages/PyInstaller/hooks'
11578 INFO: Analyzing hidden import 'PySide6.QtCharts'
11641 INFO: Processing standard module hook 'hook-PySide6.QtCharts.py' from '/Users/yuki/Used_ai/MD Viewer Pro/venv_new/lib/python3.9/site-packages/PyInstaller/hooks'
11745 INFO: Analyzing hidden import 'PySide6.QtConcurrent'
11748 INFO: Processing standard module hook 'hook-PySide6.QtConcurrent.py' from '/Users/yuki/Used_ai/MD Viewer Pro/venv_new/lib/python3.9/site-packages/PyInstaller/hooks'
11841 INFO: Analyzing hidden import 'PySide6.QtDBus'
11860 INFO: Processing standard module hook 'hook-PySide6.QtDBus.py' from '/Users/yuki/Used_ai/MD Viewer Pro/venv_new/lib/python3.9/site-packages/PyInstaller/hooks'
11965 INFO: Analyzing hidden import 'PySide6.QtDataVisualization'
12023 INFO: Processing standard module hook 'hook-PySide6.QtDataVisualization.py' from '/Users/yuki/Used_ai/MD Viewer Pro/venv_new/lib/python3.9/site-packages/PyInstaller/hooks'
12129 INFO: Analyzing hidden import 'PySide6.QtDesigner'
12147 INFO: Processing standard module hook 'hook-PySide6.QtDesigner.py' from '/Users/yuki/Used_ai/MD Viewer Pro/venv_new/lib/python3.9/site-packages/PyInstaller/hooks'
12263 INFO: Analyzing hidden import 'PySide6.QtGraphs'
12358 INFO: Processing standard module hook 'hook-PySide6.QtGraphs.py' from '/Users/yuki/Used_ai/MD Viewer Pro/venv_new/lib/python3.9/site-packages/PyInstaller/hooks'
12494 INFO: Processing standard module hook 'hook-PySide6.QtQml.py' from '/Users/yuki/Used_ai/MD Viewer Pro/venv_new/lib/python3.9/site-packages/PyInstaller/hooks'
13159 INFO: Analyzing hidden import 'PySide6.QtGraphsWidgets'
13181 INFO: Processing standard module hook 'hook-PySide6.QtGraphsWidgets.py' from '/Users/yuki/Used_ai/MD Viewer Pro/venv_new/lib/python3.9/site-packages/PyInstaller/hooks'
13324 INFO: Processing standard module hook 'hook-PySide6.QtQuick.py' from '/Users/yuki/Used_ai/MD Viewer Pro/venv_new/lib/python3.9/site-packages/PyInstaller/hooks'
13429 INFO: Processing standard module hook 'hook-PySide6.QtQuickWidgets.py' from '/Users/yuki/Used_ai/MD Viewer Pro/venv_new/lib/python3.9/site-packages/PyInstaller/hooks'
13524 INFO: Analyzing hidden import 'PySide6.QtHelp'
13534 INFO: Processing standard module hook 'hook-PySide6.QtHelp.py' from '/Users/yuki/Used_ai/MD Viewer Pro/venv_new/lib/python3.9/site-packages/PyInstaller/hooks'
13632 INFO: Analyzing hidden import 'PySide6.QtHttpServer'
13641 INFO: Processing standard module hook 'hook-PySide6.QtHttpServer.py' from '/Users/yuki/Used_ai/MD Viewer Pro/venv_new/lib/python3.9/site-packages/PyInstaller/hooks'
13735 INFO: Analyzing hidden import 'PySide6.QtLocation'
13768 INFO: Processing standard module hook 'hook-PySide6.QtLocation.py' from '/Users/yuki/Used_ai/MD Viewer Pro/venv_new/lib/python3.9/site-packages/PyInstaller/hooks'
13909 INFO: Processing standard module hook 'hook-PySide6.QtPositioning.py' from '/Users/yuki/Used_ai/MD Viewer Pro/venv_new/lib/python3.9/site-packages/PyInstaller/hooks'
14016 INFO: Analyzing hidden import 'PySide6.QtMultimedia'
14061 INFO: Processing standard module hook 'hook-PySide6.QtMultimedia.py' from '/Users/yuki/Used_ai/MD Viewer Pro/venv_new/lib/python3.9/site-packages/PyInstaller/hooks'
14173 INFO: Analyzing hidden import 'PySide6.QtMultimediaWidgets'
14175 INFO: Processing standard module hook 'hook-PySide6.QtMultimediaWidgets.py' from '/Users/yuki/Used_ai/MD Viewer Pro/venv_new/lib/python3.9/site-packages/PyInstaller/hooks'
14281 INFO: Analyzing hidden import 'PySide6.QtNetworkAuth'
14295 INFO: Processing standard module hook 'hook-PySide6.QtNetworkAuth.py' from '/Users/yuki/Used_ai/MD Viewer Pro/venv_new/lib/python3.9/site-packages/PyInstaller/hooks'
14390 INFO: Analyzing hidden import 'PySide6.QtNfc'
14402 INFO: Processing standard module hook 'hook-PySide6.QtNfc.py' from '/Users/yuki/Used_ai/MD Viewer Pro/venv_new/lib/python3.9/site-packages/PyInstaller/hooks'
14498 INFO: Analyzing hidden import 'PySide6.QtOpenGLWidgets'
14500 INFO: Processing standard module hook 'hook-PySide6.QtOpenGLWidgets.py' from '/Users/yuki/Used_ai/MD Viewer Pro/venv_new/lib/python3.9/site-packages/PyInstaller/hooks'
14595 INFO: Analyzing hidden import 'PySide6.QtPdf'
14604 INFO: Processing standard module hook 'hook-PySide6.QtPdf.py' from '/Users/yuki/Used_ai/MD Viewer Pro/venv_new/lib/python3.9/site-packages/PyInstaller/hooks'
14704 INFO: Analyzing hidden import 'PySide6.QtPdfWidgets'
14707 INFO: Processing standard module hook 'hook-PySide6.QtPdfWidgets.py' from '/Users/yuki/Used_ai/MD Viewer Pro/venv_new/lib/python3.9/site-packages/PyInstaller/hooks'
14805 INFO: Analyzing hidden import 'PySide6.QtQuick3D'
14812 INFO: Processing standard module hook 'hook-PySide6.QtQuick3D.py' from '/Users/yuki/Used_ai/MD Viewer Pro/venv_new/lib/python3.9/site-packages/PyInstaller/hooks'
14910 INFO: Analyzing hidden import 'PySide6.QtQuickControls2'
14911 INFO: Processing standard module hook 'hook-PySide6.QtQuickControls2.py' from '/Users/yuki/Used_ai/MD Viewer Pro/venv_new/lib/python3.9/site-packages/PyInstaller/hooks'
15007 INFO: Analyzing hidden import 'PySide6.QtQuickTest'
15007 INFO: Analyzing hidden import 'PySide6.QtRemoteObjects'
15019 INFO: Processing standard module hook 'hook-PySide6.QtRemoteObjects.py' from '/Users/yuki/Used_ai/MD Viewer Pro/venv_new/lib/python3.9/site-packages/PyInstaller/hooks'
15117 INFO: Analyzing hidden import 'PySide6.QtScxml'
15129 INFO: Processing standard module hook 'hook-PySide6.QtScxml.py' from '/Users/yuki/Used_ai/MD Viewer Pro/venv_new/lib/python3.9/site-packages/PyInstaller/hooks'
15239 INFO: Analyzing hidden import 'PySide6.QtSensors'
15256 INFO: Processing standard module hook 'hook-PySide6.QtSensors.py' from '/Users/yuki/Used_ai/MD Viewer Pro/venv_new/lib/python3.9/site-packages/PyInstaller/hooks'
15355 INFO: Analyzing hidden import 'PySide6.QtSerialBus'
15377 INFO: Processing standard module hook 'hook-PySide6.QtSerialBus.py' from '/Users/yuki/Used_ai/MD Viewer Pro/venv_new/lib/python3.9/site-packages/PyInstaller/hooks'
15488 INFO: Analyzing hidden import 'PySide6.QtSerialPort'
15493 INFO: Processing standard module hook 'hook-PySide6.QtSerialPort.py' from '/Users/yuki/Used_ai/MD Viewer Pro/venv_new/lib/python3.9/site-packages/PyInstaller/hooks'
15588 INFO: Analyzing hidden import 'PySide6.QtSpatialAudio'
15595 INFO: Processing standard module hook 'hook-PySide6.QtSpatialAudio.py' from '/Users/yuki/Used_ai/MD Viewer Pro/venv_new/lib/python3.9/site-packages/PyInstaller/hooks'
15691 INFO: Analyzing hidden import 'PySide6.QtSql'
15713 INFO: Processing standard module hook 'hook-PySide6.QtSql.py' from '/Users/yuki/Used_ai/MD Viewer Pro/venv_new/lib/python3.9/site-packages/PyInstaller/hooks'
15835 INFO: Analyzing hidden import 'PySide6.QtStateMachine'
15845 INFO: Processing standard module hook 'hook-PySide6.QtStateMachine.py' from '/Users/yuki/Used_ai/MD Viewer Pro/venv_new/lib/python3.9/site-packages/PyInstaller/hooks'
15942 INFO: Analyzing hidden import 'PySide6.QtSvg'
15946 INFO: Processing standard module hook 'hook-PySide6.QtSvg.py' from '/Users/yuki/Used_ai/MD Viewer Pro/venv_new/lib/python3.9/site-packages/PyInstaller/hooks'
16041 INFO: Analyzing hidden import 'PySide6.QtSvgWidgets'
16043 INFO: Processing standard module hook 'hook-PySide6.QtSvgWidgets.py' from '/Users/yuki/Used_ai/MD Viewer Pro/venv_new/lib/python3.9/site-packages/PyInstaller/hooks'
16138 INFO: Analyzing hidden import 'PySide6.QtTest'
16150 INFO: Processing standard module hook 'hook-PySide6.QtTest.py' from '/Users/yuki/Used_ai/MD Viewer Pro/venv_new/lib/python3.9/site-packages/PyInstaller/hooks'
16250 INFO: Analyzing hidden import 'PySide6.QtTextToSpeech'
16256 INFO: Processing standard module hook 'hook-PySide6.QtTextToSpeech.py' from '/Users/yuki/Used_ai/MD Viewer Pro/venv_new/lib/python3.9/site-packages/PyInstaller/hooks'
16360 INFO: Analyzing hidden import 'PySide6.QtUiTools'
16362 INFO: Processing standard module hook 'hook-PySide6.QtUiTools.py' from '/Users/yuki/Used_ai/MD Viewer Pro/venv_new/lib/python3.9/site-packages/PyInstaller/hooks'
16460 INFO: Analyzing hidden import 'PySide6.QtWebEngineQuick'
16465 INFO: Processing standard module hook 'hook-PySide6.QtWebEngineQuick.py' from '/Users/yuki/Used_ai/MD Viewer Pro/venv_new/lib/python3.9/site-packages/PyInstaller/hooks'
16561 INFO: Analyzing hidden import 'PySide6.QtWebSockets'
16569 INFO: Processing standard module hook 'hook-PySide6.QtWebSockets.py' from '/Users/yuki/Used_ai/MD Viewer Pro/venv_new/lib/python3.9/site-packages/PyInstaller/hooks'
16663 INFO: Analyzing hidden import 'PySide6.QtWebView'
16664 INFO: Analyzing hidden import 'PySide6.QtXml'
16688 INFO: Processing standard module hook 'hook-PySide6.QtXml.py' from '/Users/yuki/Used_ai/MD Viewer Pro/venv_new/lib/python3.9/site-packages/PyInstaller/hooks'
16783 INFO: Analyzing hidden import 'PySide6._config'
16784 INFO: Analyzing hidden import 'PySide6._git_pyside_version'
16785 INFO: Analyzing hidden import 'PySide6.scripts'
16785 INFO: Analyzing hidden import 'PySide6.scripts.android_deploy'
16789 INFO: Analyzing hidden import 'PySide6.scripts.deploy'
16792 INFO: Analyzing hidden import 'PySide6.scripts.metaobjectdump'
16801 INFO: Analyzing hidden import 'PySide6.scripts.project'
16807 INFO: Analyzing hidden import 'PySide6.scripts.project_lib'
16835 INFO: Analyzing hidden import 'PySide6.scripts.pyside_tool'
16848 INFO: Processing standard module hook 'hook-sysconfig.py' from '/Users/yuki/Used_ai/MD Viewer Pro/venv_new/lib/python3.9/site-packages/PyInstaller/hooks'
16855 INFO: Processing standard module hook 'hook-_osx_support.py' from '/Users/yuki/Used_ai/MD Viewer Pro/venv_new/lib/python3.9/site-packages/PyInstaller/hooks'
16859 INFO: Analyzing hidden import 'PySide6.scripts.qml'
16863 INFO: Analyzing hidden import 'PySide6.scripts.qtpy2cpp'
16865 INFO: Analyzing hidden import 'PySide6.support'
16865 INFO: Analyzing hidden import 'PySide6.support.deprecated'
16866 INFO: Analyzing hidden import 'PySide6.support.generate_pyi'
16868 INFO: Analyzing hidden import 'markdown.__main__'
16870 INFO: Analyzing hidden import 'markdown.extensions.abbr'
16874 INFO: Analyzing hidden import 'markdown.extensions.admonition'
16876 INFO: Analyzing hidden import 'markdown.extensions.attr_list'
16879 INFO: Analyzing hidden import 'markdown.extensions.codehilite'
16883 INFO: Processing standard module hook 'hook-pygments.py' from '/Users/yuki/Used_ai/MD Viewer Pro/venv_new/lib/python3.9/site-packages/PyInstaller/hooks'
17379 INFO: Analyzing hidden import 'markdown.extensions.def_list'
17382 INFO: Analyzing hidden import 'markdown.extensions.extra'
17383 INFO: Analyzing hidden import 'markdown.extensions.fenced_code'
17387 INFO: Analyzing hidden import 'markdown.extensions.footnotes'
17397 INFO: Analyzing hidden import 'markdown.extensions.legacy_attrs'
17399 INFO: Analyzing hidden import 'markdown.extensions.legacy_em'
17400 INFO: Analyzing hidden import 'markdown.extensions.md_in_html'
17410 INFO: Analyzing hidden import 'markdown.extensions.meta'
17411 INFO: Analyzing hidden import 'markdown.extensions.nl2br'
17412 INFO: Analyzing hidden import 'markdown.extensions.sane_lists'
17413 INFO: Analyzing hidden import 'markdown.extensions.smarty'
17425 INFO: Analyzing hidden import 'markdown.extensions.tables'
17430 INFO: Analyzing hidden import 'markdown.extensions.toc'
17439 INFO: Analyzing hidden import 'markdown.extensions.wikilinks'
17442 INFO: Analyzing hidden import 'markdown.test_tools'
17496 INFO: Processing standard module hook 'hook-difflib.py' from '/Users/yuki/Used_ai/MD Viewer Pro/venv_new/lib/python3.9/site-packages/PyInstaller/hooks'
17541 INFO: Analyzing hidden import 'pygments.__main__'
17573 INFO: Analyzing hidden import 'pygments.formatters.bbcode'
17575 INFO: Analyzing hidden import 'pygments.formatters.groff'
17578 INFO: Analyzing hidden import 'pygments.formatters.html'
17588 INFO: Analyzing hidden import 'pygments.formatters.img'
17597 INFO: Analyzing hidden import 'pygments.formatters.irc'
17599 INFO: Analyzing hidden import 'pygments.formatters.other'
17611 INFO: Analyzing hidden import 'pygments.formatters.pangomarkup'
17613 INFO: Analyzing hidden import 'pygments.formatters.rtf'
17617 INFO: Analyzing hidden import 'pygments.formatters.svg'
17620 INFO: Analyzing hidden import 'pygments.lexers._ada_builtins'
17620 INFO: Analyzing hidden import 'pygments.lexers._asy_builtins'
17625 INFO: Analyzing hidden import 'pygments.lexers._cl_builtins'
17627 INFO: Analyzing hidden import 'pygments.lexers._cocoa_builtins'
17639 INFO: Analyzing hidden import 'pygments.lexers._csound_builtins'
17640 INFO: Analyzing hidden import 'pygments.lexers._css_builtins'
17642 INFO: Analyzing hidden import 'pygments.lexers._googlesql_builtins'
17645 INFO: Analyzing hidden import 'pygments.lexers._julia_builtins'
17649 INFO: Analyzing hidden import 'pygments.lexers._lasso_builtins'
17660 INFO: Analyzing hidden import 'pygments.lexers._lilypond_builtins'
17679 INFO: Analyzing hidden import 'pygments.lexers._lua_builtins'
17682 INFO: Analyzing hidden import 'pygments.lexers._luau_builtins'
17683 INFO: Analyzing hidden import 'pygments.lexers._mql_builtins'
17687 INFO: Analyzing hidden import 'pygments.lexers._mysql_builtins'
17694 INFO: Analyzing hidden import 'pygments.lexers._openedge_builtins'
17703 INFO: Analyzing hidden import 'pygments.lexers._php_builtins'
17712 INFO: Analyzing hidden import 'pygments.lexers._postgres_builtins'
17717 INFO: Analyzing hidden import 'pygments.lexers._qlik_builtins'
17719 INFO: Analyzing hidden import 'pygments.lexers._scheme_builtins'
17723 INFO: Analyzing hidden import 'pygments.lexers._scilab_builtins'
17734 INFO: Analyzing hidden import 'pygments.lexers._sourcemod_builtins'
17740 INFO: Analyzing hidden import 'pygments.lexers._sql_builtins'
17742 INFO: Analyzing hidden import 'pygments.lexers._stan_builtins'
17745 INFO: Analyzing hidden import 'pygments.lexers._stata_builtins'
17752 INFO: Analyzing hidden import 'pygments.lexers._tsql_builtins'
17756 INFO: Analyzing hidden import 'pygments.lexers._usd_builtins'
17757 INFO: Analyzing hidden import 'pygments.lexers._vbscript_builtins'
17759 INFO: Analyzing hidden import 'pygments.lexers._vim_builtins'
17789 INFO: Analyzing hidden import 'pygments.lexers.actionscript'
17793 INFO: Analyzing hidden import 'pygments.lexers.ada'
17795 INFO: Analyzing hidden import 'pygments.lexers.agile'
17910 INFO: Analyzing hidden import 'pygments.lexers.algebra'
17914 INFO: Analyzing hidden import 'pygments.lexers.ambient'
17915 INFO: Analyzing hidden import 'pygments.lexers.amdgpu'
17917 INFO: Analyzing hidden import 'pygments.lexers.ampl'
17918 INFO: Analyzing hidden import 'pygments.lexers.apdlexer'
17942 INFO: Analyzing hidden import 'pygments.lexers.apl'
17943 INFO: Analyzing hidden import 'pygments.lexers.archetype'
17946 INFO: Analyzing hidden import 'pygments.lexers.arrow'
17947 INFO: Analyzing hidden import 'pygments.lexers.arturo'
17951 INFO: Analyzing hidden import 'pygments.lexers.asc'
17951 INFO: Analyzing hidden import 'pygments.lexers.asm'
17976 INFO: Analyzing hidden import 'pygments.lexers.asn1'
17978 INFO: Analyzing hidden import 'pygments.lexers.automation'
17980 INFO: Analyzing hidden import 'pygments.lexers.bare'
17981 INFO: Analyzing hidden import 'pygments.lexers.basic'
17989 INFO: Analyzing hidden import 'pygments.lexers.bdd'
17990 INFO: Analyzing hidden import 'pygments.lexers.berry'
17991 INFO: Analyzing hidden import 'pygments.lexers.bibtex'
17993 INFO: Analyzing hidden import 'pygments.lexers.blueprint'
17995 INFO: Analyzing hidden import 'pygments.lexers.boa'
17996 INFO: Analyzing hidden import 'pygments.lexers.bqn'
17997 INFO: Analyzing hidden import 'pygments.lexers.business'
18001 INFO: Analyzing hidden import 'pygments.lexers.c_like'
18009 INFO: Analyzing hidden import 'pygments.lexers.capnproto'
18010 INFO: Analyzing hidden import 'pygments.lexers.carbon'
18012 INFO: Analyzing hidden import 'pygments.lexers.cddl'
18013 INFO: Analyzing hidden import 'pygments.lexers.chapel'
18014 INFO: Analyzing hidden import 'pygments.lexers.clean'
18016 INFO: Analyzing hidden import 'pygments.lexers.codeql'
18017 INFO: Analyzing hidden import 'pygments.lexers.comal'
18018 INFO: Analyzing hidden import 'pygments.lexers.compiled'
18082 INFO: Analyzing hidden import 'pygments.lexers.configs'
18115 INFO: Analyzing hidden import 'pygments.lexers.console'
18116 INFO: Analyzing hidden import 'pygments.lexers.cplint'
18117 INFO: Analyzing hidden import 'pygments.lexers.csound'
18161 INFO: Analyzing hidden import 'pygments.lexers.dalvik'
18163 INFO: Analyzing hidden import 'pygments.lexers.dax'
18164 INFO: Analyzing hidden import 'pygments.lexers.devicetree'
18166 INFO: Analyzing hidden import 'pygments.lexers.diff'
18168 INFO: Analyzing hidden import 'pygments.lexers.dns'
18169 INFO: Analyzing hidden import 'pygments.lexers.dotnet'
18179 INFO: Analyzing hidden import 'pygments.lexers.dsls'
18189 INFO: Analyzing hidden import 'pygments.lexers.ecl'
18191 INFO: Analyzing hidden import 'pygments.lexers.eiffel'
18193 INFO: Analyzing hidden import 'pygments.lexers.elm'
18194 INFO: Analyzing hidden import 'pygments.lexers.elpi'
18205 INFO: Analyzing hidden import 'pygments.lexers.email'
18209 INFO: Analyzing hidden import 'pygments.lexers.erlang'
18216 INFO: Analyzing hidden import 'pygments.lexers.esoteric'
18219 INFO: Analyzing hidden import 'pygments.lexers.ezhil'
18220 INFO: Analyzing hidden import 'pygments.lexers.fantom'
18222 INFO: Analyzing hidden import 'pygments.lexers.fift'
18223 INFO: Analyzing hidden import 'pygments.lexers.floscript'
18224 INFO: Analyzing hidden import 'pygments.lexers.forth'
18225 INFO: Analyzing hidden import 'pygments.lexers.foxpro'
18226 INFO: Analyzing hidden import 'pygments.lexers.freefem'
18229 INFO: Analyzing hidden import 'pygments.lexers.func'
18231 INFO: Analyzing hidden import 'pygments.lexers.functional'
18261 INFO: Analyzing hidden import 'pygments.lexers.futhark'
18263 INFO: Analyzing hidden import 'pygments.lexers.gcodelexer'
18263 INFO: Analyzing hidden import 'pygments.lexers.gdscript'
18266 INFO: Analyzing hidden import 'pygments.lexers.gleam'
18266 INFO: Analyzing hidden import 'pygments.lexers.grammar_notation'
18268 INFO: Analyzing hidden import 'pygments.lexers.graph'
18270 INFO: Analyzing hidden import 'pygments.lexers.graphql'
18271 INFO: Analyzing hidden import 'pygments.lexers.graphviz'
18272 INFO: Analyzing hidden import 'pygments.lexers.gsql'
18273 INFO: Analyzing hidden import 'pygments.lexers.hare'
18274 INFO: Analyzing hidden import 'pygments.lexers.haxe'
18282 INFO: Analyzing hidden import 'pygments.lexers.hdl'
18286 INFO: Analyzing hidden import 'pygments.lexers.hexdump'
18288 INFO: Analyzing hidden import 'pygments.lexers.idl'
18292 INFO: Analyzing hidden import 'pygments.lexers.igor'
18298 INFO: Analyzing hidden import 'pygments.lexers.inferno'
18300 INFO: Analyzing hidden import 'pygments.lexers.installers'
18303 INFO: Analyzing hidden import 'pygments.lexers.int_fiction'
18320 INFO: Analyzing hidden import 'pygments.lexers.j'
18322 INFO: Analyzing hidden import 'pygments.lexers.jmespath'
18323 INFO: Analyzing hidden import 'pygments.lexers.jslt'
18324 INFO: Analyzing hidden import 'pygments.lexers.json5'
18325 INFO: Analyzing hidden import 'pygments.lexers.jsonnet'
18336 INFO: Analyzing hidden import 'pygments.lexers.jsx'
18337 INFO: Analyzing hidden import 'pygments.lexers.julia'
18341 INFO: Analyzing hidden import 'pygments.lexers.kuin'
18344 INFO: Analyzing hidden import 'pygments.lexers.kusto'
18345 INFO: Analyzing hidden import 'pygments.lexers.ldap'
18347 INFO: Analyzing hidden import 'pygments.lexers.macaulay2'
18354 INFO: Analyzing hidden import 'pygments.lexers.make'
18356 INFO: Analyzing hidden import 'pygments.lexers.maple'
18358 INFO: Analyzing hidden import 'pygments.lexers.math'
18378 INFO: Analyzing hidden import 'pygments.lexers.maxima'
18379 INFO: Analyzing hidden import 'pygments.lexers.meson'
18380 INFO: Analyzing hidden import 'pygments.lexers.minecraft'
18383 INFO: Analyzing hidden import 'pygments.lexers.mips'
18385 INFO: Analyzing hidden import 'pygments.lexers.mojo'
18389 INFO: Analyzing hidden import 'pygments.lexers.monte'
18392 INFO: Analyzing hidden import 'pygments.lexers.mosel'
18394 INFO: Analyzing hidden import 'pygments.lexers.ncl'
18400 INFO: Analyzing hidden import 'pygments.lexers.nit'
18401 INFO: Analyzing hidden import 'pygments.lexers.nix'
18403 INFO: Analyzing hidden import 'pygments.lexers.numbair'
18404 INFO: Analyzing hidden import 'pygments.lexers.oberon'
18405 INFO: Analyzing hidden import 'pygments.lexers.openscad'
18407 INFO: Analyzing hidden import 'pygments.lexers.other'
18445 INFO: Analyzing hidden import 'pygments.lexers.parasail'
18446 INFO: Analyzing hidden import 'pygments.lexers.parsers'
18453 INFO: Analyzing hidden import 'pygments.lexers.pddl'
18454 INFO: Analyzing hidden import 'pygments.lexers.phix'
18459 INFO: Analyzing hidden import 'pygments.lexers.php'
18463 INFO: Analyzing hidden import 'pygments.lexers.pointless'
18464 INFO: Analyzing hidden import 'pygments.lexers.pony'
18465 INFO: Analyzing hidden import 'pygments.lexers.praat'
18468 INFO: Analyzing hidden import 'pygments.lexers.procfile'
18469 INFO: Analyzing hidden import 'pygments.lexers.promql'
18470 INFO: Analyzing hidden import 'pygments.lexers.prql'
18473 INFO: Analyzing hidden import 'pygments.lexers.ptx'
18474 INFO: Analyzing hidden import 'pygments.lexers.q'
18476 INFO: Analyzing hidden import 'pygments.lexers.qlik'
18477 INFO: Analyzing hidden import 'pygments.lexers.qvt'
18479 INFO: Analyzing hidden import 'pygments.lexers.rdf'
18483 INFO: Analyzing hidden import 'pygments.lexers.rego'
18484 INFO: Analyzing hidden import 'pygments.lexers.rell'
18485 INFO: Analyzing hidden import 'pygments.lexers.resource'
18486 INFO: Analyzing hidden import 'pygments.lexers.ride'
18488 INFO: Analyzing hidden import 'pygments.lexers.rita'
18489 INFO: Analyzing hidden import 'pygments.lexers.rnc'
18490 INFO: Analyzing hidden import 'pygments.lexers.roboconf'
18491 INFO: Analyzing hidden import 'pygments.lexers.sas'
18493 INFO: Analyzing hidden import 'pygments.lexers.savi'
18495 INFO: Analyzing hidden import 'pygments.lexers.scdoc'
18496 INFO: Analyzing hidden import 'pygments.lexers.sgf'
18496 INFO: Analyzing hidden import 'pygments.lexers.sieve'
18497 INFO: Analyzing hidden import 'pygments.lexers.slash'
18512 INFO: Analyzing hidden import 'pygments.lexers.smithy'
18514 INFO: Analyzing hidden import 'pygments.lexers.solidity'
18515 INFO: Analyzing hidden import 'pygments.lexers.soong'
18515 INFO: Analyzing hidden import 'pygments.lexers.sophia'
18517 INFO: Analyzing hidden import 'pygments.lexers.spice'
18518 INFO: Analyzing hidden import 'pygments.lexers.srcinfo'
18518 INFO: Analyzing hidden import 'pygments.lexers.stata'
18520 INFO: Analyzing hidden import 'pygments.lexers.supercollider'
18521 INFO: Analyzing hidden import 'pygments.lexers.tablegen'
18523 INFO: Analyzing hidden import 'pygments.lexers.tact'
18525 INFO: Analyzing hidden import 'pygments.lexers.tal'
18527 INFO: Analyzing hidden import 'pygments.lexers.teal'
18528 INFO: Analyzing hidden import 'pygments.lexers.templates'
18563 INFO: Analyzing hidden import 'pygments.lexers.teraterm'
18564 INFO: Analyzing hidden import 'pygments.lexers.text'
18570 INFO: Analyzing hidden import 'pygments.lexers.thingsdb'
18571 INFO: Analyzing hidden import 'pygments.lexers.tlb'
18572 INFO: Analyzing hidden import 'pygments.lexers.tls'
18573 INFO: Analyzing hidden import 'pygments.lexers.tnt'
18577 INFO: Analyzing hidden import 'pygments.lexers.trafficscript'
18578 INFO: Analyzing hidden import 'pygments.lexers.typoscript'
18580 INFO: Analyzing hidden import 'pygments.lexers.typst'
18582 INFO: Analyzing hidden import 'pygments.lexers.ul4'
18585 INFO: Analyzing hidden import 'pygments.lexers.unicon'
18589 INFO: Analyzing hidden import 'pygments.lexers.usd'
18591 INFO: Analyzing hidden import 'pygments.lexers.varnish'
18593 INFO: Analyzing hidden import 'pygments.lexers.verification'
18594 INFO: Analyzing hidden import 'pygments.lexers.verifpal'
18595 INFO: Analyzing hidden import 'pygments.lexers.vip'
18597 INFO: Analyzing hidden import 'pygments.lexers.vyper'
18598 INFO: Analyzing hidden import 'pygments.lexers.webassembly'
18600 INFO: Analyzing hidden import 'pygments.lexers.webidl'
18603 INFO: Analyzing hidden import 'pygments.lexers.wgsl'
18605 INFO: Analyzing hidden import 'pygments.lexers.whiley'
18606 INFO: Analyzing hidden import 'pygments.lexers.wowtoc'
18607 INFO: Analyzing hidden import 'pygments.lexers.wren'
18608 INFO: Analyzing hidden import 'pygments.lexers.x10'
18609 INFO: Analyzing hidden import 'pygments.lexers.xorg'
18609 INFO: Analyzing hidden import 'pygments.lexers.yang'
18611 INFO: Analyzing hidden import 'pygments.lexers.yara'
18612 INFO: Analyzing hidden import 'pygments.lexers.zig'
18613 INFO: Analyzing hidden import 'pygments.sphinxext'
18617 INFO: Analyzing hidden import 'pygments.styles.abap'
18618 INFO: Analyzing hidden import 'pygments.styles.algol'
18618 INFO: Analyzing hidden import 'pygments.styles.algol_nu'
18619 INFO: Analyzing hidden import 'pygments.styles.arduino'
18620 INFO: Analyzing hidden import 'pygments.styles.autumn'
18621 INFO: Analyzing hidden import 'pygments.styles.borland'
18621 INFO: Analyzing hidden import 'pygments.styles.bw'
18622 INFO: Analyzing hidden import 'pygments.styles.coffee'
18623 INFO: Analyzing hidden import 'pygments.styles.colorful'
18624 INFO: Analyzing hidden import 'pygments.styles.default'
18625 INFO: Analyzing hidden import 'pygments.styles.dracula'
18626 INFO: Analyzing hidden import 'pygments.styles.emacs'
18626 INFO: Analyzing hidden import 'pygments.styles.friendly'
18627 INFO: Analyzing hidden import 'pygments.styles.friendly_grayscale'
18628 INFO: Analyzing hidden import 'pygments.styles.fruity'
18628 INFO: Analyzing hidden import 'pygments.styles.gh_dark'
18630 INFO: Analyzing hidden import 'pygments.styles.gruvbox'
18631 INFO: Analyzing hidden import 'pygments.styles.igor'
18631 INFO: Analyzing hidden import 'pygments.styles.inkpot'
18632 INFO: Analyzing hidden import 'pygments.styles.lightbulb'
18633 INFO: Analyzing hidden import 'pygments.styles.lilypond'
18634 INFO: Analyzing hidden import 'pygments.styles.lovelace'
18635 INFO: Analyzing hidden import 'pygments.styles.manni'
18636 INFO: Analyzing hidden import 'pygments.styles.material'
18637 INFO: Analyzing hidden import 'pygments.styles.monokai'
18638 INFO: Analyzing hidden import 'pygments.styles.murphy'
18639 INFO: Analyzing hidden import 'pygments.styles.native'
18639 INFO: Analyzing hidden import 'pygments.styles.nord'
18641 INFO: Analyzing hidden import 'pygments.styles.onedark'
18641 INFO: Analyzing hidden import 'pygments.styles.paraiso_dark'
18642 INFO: Analyzing hidden import 'pygments.styles.paraiso_light'
18644 INFO: Analyzing hidden import 'pygments.styles.pastie'
18644 INFO: Analyzing hidden import 'pygments.styles.perldoc'
18645 INFO: Analyzing hidden import 'pygments.styles.rainbow_dash'
18646 INFO: Analyzing hidden import 'pygments.styles.rrt'
18647 INFO: Analyzing hidden import 'pygments.styles.sas'
18648 INFO: Analyzing hidden import 'pygments.styles.solarized'
18649 INFO: Analyzing hidden import 'pygments.styles.staroffice'
18650 INFO: Analyzing hidden import 'pygments.styles.stata_dark'
18650 INFO: Analyzing hidden import 'pygments.styles.stata_light'
18651 INFO: Analyzing hidden import 'pygments.styles.tango'
18652 INFO: Analyzing hidden import 'pygments.styles.trac'
18652 INFO: Analyzing hidden import 'pygments.styles.vim'
18653 INFO: Analyzing hidden import 'pygments.styles.vs'
18654 INFO: Analyzing hidden import 'pygments.styles.xcode'
18654 INFO: Analyzing hidden import 'pygments.styles.zenburn'
18655 INFO: Analyzing hidden import 'objc._machsignals'
18655 INFO: Analyzing hidden import 'objc.simd'
18663 INFO: Processing module hooks (post-graph stage)...
18754 INFO: Performing binary vs. data reclassification (4706 entries)
19964 INFO: Looking for ctypes DLLs
19969 INFO: Analyzing run-time hooks ...
19971 INFO: Including run-time hook 'pyi_rth_inspect.py' from '/Users/yuki/Used_ai/MD Viewer Pro/venv_new/lib/python3.9/site-packages/PyInstaller/hooks/rthooks'
19972 INFO: Including run-time hook 'pyi_rth_pkgutil.py' from '/Users/yuki/Used_ai/MD Viewer Pro/venv_new/lib/python3.9/site-packages/PyInstaller/hooks/rthooks'
19973 INFO: Including run-time hook 'pyi_rth_multiprocessing.py' from '/Users/yuki/Used_ai/MD Viewer Pro/venv_new/lib/python3.9/site-packages/PyInstaller/hooks/rthooks'
19975 INFO: Including run-time hook 'pyi_rth_pyside6.py' from '/Users/yuki/Used_ai/MD Viewer Pro/venv_new/lib/python3.9/site-packages/PyInstaller/hooks/rthooks'
19975 INFO: Processing pre-find-module-path hook 'hook-_pyi_rth_utils.py' from '/Users/yuki/Used_ai/MD Viewer Pro/venv_new/lib/python3.9/site-packages/PyInstaller/hooks/pre_find_module_path'
19976 INFO: Processing standard module hook 'hook-_pyi_rth_utils.py' from '/Users/yuki/Used_ai/MD Viewer Pro/venv_new/lib/python3.9/site-packages/PyInstaller/hooks'
20063 INFO: Creating base_library.zip...
20074 INFO: Looking for dynamic libraries
21944 WARNING: Library not found: could not resolve '/usr/local/lib/libmimerapi.dylib', dependency of '/Users/yuki/Used_ai/MD Viewer Pro/venv_new/lib/python3.9/site-packages/PySide6/Qt/plugins/sqldrivers/libqsqlmimer.dylib'.
21944 WARNING: Library not found: could not resolve '/opt/homebrew/opt/libiodbc/lib/libiodbc.2.dylib', dependency of '/Users/yuki/Used_ai/MD Viewer Pro/venv_new/lib/python3.9/site-packages/PySide6/Qt/plugins/sqldrivers/libqsqlodbc.dylib'.
21944 WARNING: Library not found: could not resolve '/Applications/Postgres.app/Contents/Versions/14/lib/libpq.5.dylib', dependency of '/Users/yuki/Used_ai/MD Viewer Pro/venv_new/lib/python3.9/site-packages/PySide6/Qt/plugins/sqldrivers/libqsqlpsql.dylib'.
21944 WARNING: Library not found: could not resolve '@rpath/QtQuickShapesDesignHelpers.framework/Versions/A/QtQuickShapesDesignHelpers', dependency of '/Users/yuki/Used_ai/MD Viewer Pro/venv_new/lib/python3.9/site-packages/PySide6/Qt/qml/QtQuick/Shapes/DesignHelpers/libqtquickshapesdesignhelpersplugin.dylib'.
26293 INFO: Warnings written to /Users/yuki/Used_ai/MD Viewer Pro/build/MDViewerPro/warn-MDViewerPro.txt
26321 INFO: Graph cross-reference written to /Users/yuki/Used_ai/MD Viewer Pro/build/MDViewerPro/xref-MDViewerPro.html
27422 INFO: checking PYZ
27422 INFO: Building PYZ because PYZ-00.toc is non existent
27422 INFO: Building PYZ (ZlibArchive) /Users/yuki/Used_ai/MD Viewer Pro/build/MDViewerPro/PYZ-00.pyz
27685 INFO: Building PYZ (ZlibArchive) /Users/yuki/Used_ai/MD Viewer Pro/build/MDViewerPro/PYZ-00.pyz completed successfully.
27695 INFO: EXE target arch: arm64
27695 INFO: Code signing identity: None
27697 INFO: checking PKG
27697 INFO: Building PKG because PKG-00.toc is non existent
27697 INFO: Building PKG (CArchive) MDViewerPro.pkg
27717 INFO: Building PKG (CArchive) MDViewerPro.pkg completed successfully.
27718 INFO: Bootloader /Users/yuki/Used_ai/MD Viewer Pro/venv_new/lib/python3.9/site-packages/PyInstaller/bootloader/Darwin-64bit/runw
27718 INFO: checking EXE
27718 INFO: Building EXE because EXE-00.toc is non existent
27718 INFO: Building EXE from EXE-00.toc
27718 INFO: Copying bootloader EXE to /Users/yuki/Used_ai/MD Viewer Pro/build/MDViewerPro/MDViewerPro
27718 INFO: Converting EXE to target arch (arm64)
27748 INFO: Removing signature(s) from EXE
27772 INFO: Modifying Mach-O image UUID(s) in EXE
27779 INFO: Appending PKG archive to EXE
27780 INFO: Fixing EXE headers for code signing
27783 INFO: Re-signing the EXE
27802 INFO: Building EXE from EXE-00.toc completed successfully.
27828 INFO: checking COLLECT
27828 INFO: Building COLLECT because COLLECT-00.toc is non existent
27829 INFO: Building COLLECT COLLECT-00.toc
36866 INFO: Building COLLECT COLLECT-00.toc completed successfully.
36968 INFO: checking BUNDLE
36968 INFO: Building BUNDLE because BUNDLE-00.toc is non existent
36968 INFO: Building BUNDLE BUNDLE-00.toc
46131 INFO: Signing the BUNDLE...
47055 INFO: Building BUNDLE BUNDLE-00.toc completed successfully.
47129 INFO: Build complete! The results are available in: /Users/yuki/Used_ai/MD Viewer Pro/dist
      完了
[3/5] QtWebEngine フレームワーク構造を修正...
[fix] quarantine 属性を削除...
[fix] QtWebEngineProcess.app のパスを確認・修正...
[fix] 発見: dist/MDViewerPro.app/Contents/Frameworks/PySide6/Qt/lib/QtWebEngineCore.framework/Versions/Resources/Helpers/QtWebEngineProcess.app
[fix] WebEngine Resources を確認...
[fix] コード署名...
[fix] 完了: dist/MDViewerPro.app
      完了
[4/5] DMG を作成中...
      完了

══════════════════════════════════════════
  ビルド完了!
  .app  →  ./dist/MDViewerPro.app
  .dmg  →  ./MDViewerPro-Installer.dmg
══════════════════════════════════════════
