══════════════════════════════════════════
  MD Viewer Pro ビルド開始
  Python: Python 3.9.6
══════════════════════════════════════════
[1/5] 古いビルドを削除...
[2/5] .app をビルド中...
59 INFO: PyInstaller: 6.19.0, contrib hooks: 2026.4
61 INFO: Python: 3.9.6
73 INFO: Platform: macOS-26.5-arm64-arm-64bit
74 INFO: Python environment: /Users/yuki/Used_ai/MD Viewer Pro/venv_new
100 WARNING: Failed to collect submodules for 'PySide6.scripts.deploy_lib' because importing 'PySide6.scripts.deploy_lib' raised: ModuleNotFoundError: No module named 'project_lib'
1579 WARNING: collect_data_files - skipping data collection for module 'PySide6.QtWebEngineWidgets' as it is not a package.
1662 WARNING: collect_dynamic_libs - skipping library collection for module 'PySide6.QtWebEngineWidgets' as it is not a package.
2253 WARNING: collect_data_files - skipping data collection for module 'PySide6.QtWebChannel' as it is not a package.
2344 WARNING: collect_dynamic_libs - skipping library collection for module 'PySide6.QtWebChannel' as it is not a package.
3510 INFO: Module search paths (PYTHONPATH):
['/Users/yuki/Used_ai/MD Viewer Pro',
 '/Library/Developer/CommandLineTools/Library/Frameworks/Python3.framework/Versions/3.9/lib/python39.zip',
 '/Library/Developer/CommandLineTools/Library/Frameworks/Python3.framework/Versions/3.9/lib/python3.9',
 '/Library/Developer/CommandLineTools/Library/Frameworks/Python3.framework/Versions/3.9/lib/python3.9/lib-dynload',
 '/Users/yuki/Used_ai/MD Viewer Pro/venv_new/lib/python3.9/site-packages',
 '/Users/yuki/Used_ai/MD Viewer Pro']
3628 INFO: Appending 'binaries' from .spec
3633 INFO: Appending 'datas' from .spec
3735 INFO: checking Analysis
3736 INFO: Building Analysis because Analysis-00.toc is non existent
3736 INFO: Looking for Python shared library...
3740 INFO: Using Python shared library: /Library/Developer/CommandLineTools/Library/Frameworks/Python3.framework/Versions/3.9/Python3
3740 INFO: Running Analysis Analysis-00.toc
3740 INFO: Target bytecode optimization level: 0
3740 INFO: Initializing module dependency graph...
3740 INFO: Initializing module graph hook caches...
3746 INFO: Analyzing modules for base_library.zip ...
4178 INFO: Processing standard module hook 'hook-encodings.py' from '/Users/yuki/Used_ai/MD Viewer Pro/venv_new/lib/python3.9/site-packages/PyInstaller/hooks'
4735 INFO: Processing standard module hook 'hook-pickle.py' from '/Users/yuki/Used_ai/MD Viewer Pro/venv_new/lib/python3.9/site-packages/PyInstaller/hooks'
5162 INFO: Processing standard module hook 'hook-heapq.py' from '/Users/yuki/Used_ai/MD Viewer Pro/venv_new/lib/python3.9/site-packages/PyInstaller/hooks'
5325 INFO: Caching module dependency graph...
5352 INFO: Analyzing /Users/yuki/Used_ai/MD Viewer Pro/main.py
5571 INFO: Processing standard module hook 'hook-markdown.py' from '/Users/yuki/Used_ai/MD Viewer Pro/venv_new/lib/python3.9/site-packages/_pyinstaller_hooks_contrib/stdhooks'
5783 INFO: Processing standard module hook 'hook-xml.py' from '/Users/yuki/Used_ai/MD Viewer Pro/venv_new/lib/python3.9/site-packages/PyInstaller/hooks'
5793 INFO: Processing standard module hook 'hook-xml.etree.cElementTree.py' from '/Users/yuki/Used_ai/MD Viewer Pro/venv_new/lib/python3.9/site-packages/PyInstaller/hooks'
5794 INFO: Processing pre-safe-import-module hook 'hook-importlib_metadata.py' from '/Users/yuki/Used_ai/MD Viewer Pro/venv_new/lib/python3.9/site-packages/PyInstaller/hooks/pre_safe_import_module'
5795 INFO: SetuptoolsInfo: initializing cached setuptools info...
5975 INFO: Processing standard module hook 'hook-importlib_metadata.py' from '/Users/yuki/Used_ai/MD Viewer Pro/venv_new/lib/python3.9/site-packages/PyInstaller/hooks'
5991 INFO: Processing standard module hook 'hook-platform.py' from '/Users/yuki/Used_ai/MD Viewer Pro/venv_new/lib/python3.9/site-packages/PyInstaller/hooks'
6013 INFO: Processing pre-safe-import-module hook 'hook-zipp.py' from '/Users/yuki/Used_ai/MD Viewer Pro/venv_new/lib/python3.9/site-packages/PyInstaller/hooks/pre_safe_import_module'
6181 INFO: Processing standard module hook 'hook-PySide6.py' from '/Users/yuki/Used_ai/MD Viewer Pro/venv_new/lib/python3.9/site-packages/PyInstaller/hooks'
6303 INFO: Processing standard module hook 'hook-shiboken6.py' from '/Users/yuki/Used_ai/MD Viewer Pro/venv_new/lib/python3.9/site-packages/PyInstaller/hooks'
6384 INFO: Processing standard module hook 'hook-PySide6.QtNetwork.py' from '/Users/yuki/Used_ai/MD Viewer Pro/venv_new/lib/python3.9/site-packages/PyInstaller/hooks'
7005 INFO: Processing standard module hook 'hook-PySide6.QtCore.py' from '/Users/yuki/Used_ai/MD Viewer Pro/venv_new/lib/python3.9/site-packages/PyInstaller/hooks'
7483 INFO: Processing standard module hook 'hook-PySide6.QtWidgets.py' from '/Users/yuki/Used_ai/MD Viewer Pro/venv_new/lib/python3.9/site-packages/PyInstaller/hooks'
8031 INFO: Processing standard module hook 'hook-PySide6.QtGui.py' from '/Users/yuki/Used_ai/MD Viewer Pro/venv_new/lib/python3.9/site-packages/PyInstaller/hooks'
8288 INFO: Processing standard module hook 'hook-PySide6.QtWebEngineWidgets.py' from '/Users/yuki/Used_ai/MD Viewer Pro/venv_new/lib/python3.9/site-packages/PyInstaller/hooks'
8398 INFO: Processing standard module hook 'hook-PySide6.QtPrintSupport.py' from '/Users/yuki/Used_ai/MD Viewer Pro/venv_new/lib/python3.9/site-packages/PyInstaller/hooks'
8528 INFO: Processing standard module hook 'hook-PySide6.QtWebEngineCore.py' from '/Users/yuki/Used_ai/MD Viewer Pro/venv_new/lib/python3.9/site-packages/PyInstaller/hooks'
8700 WARNING: Found multiple versions in QtWebEngineCore.framework (['A', 'Resources']) - using the last one!
8704 INFO: Processing standard module hook 'hook-PySide6.QtWebChannel.py' from '/Users/yuki/Used_ai/MD Viewer Pro/venv_new/lib/python3.9/site-packages/PyInstaller/hooks'
8836 INFO: Processing standard module hook 'hook-_ctypes.py' from '/Users/yuki/Used_ai/MD Viewer Pro/venv_new/lib/python3.9/site-packages/PyInstaller/hooks'
9410 INFO: Analyzing hidden import 'PySide6.Qt3DAnimation'
9427 INFO: Processing standard module hook 'hook-PySide6.Qt3DAnimation.py' from '/Users/yuki/Used_ai/MD Viewer Pro/venv_new/lib/python3.9/site-packages/PyInstaller/hooks'
9547 INFO: Processing standard module hook 'hook-PySide6.Qt3DCore.py' from '/Users/yuki/Used_ai/MD Viewer Pro/venv_new/lib/python3.9/site-packages/PyInstaller/hooks'
9730 INFO: Processing standard module hook 'hook-PySide6.Qt3DRender.py' from '/Users/yuki/Used_ai/MD Viewer Pro/venv_new/lib/python3.9/site-packages/PyInstaller/hooks'
10809 INFO: Processing standard module hook 'hook-PySide6.QtOpenGL.py' from '/Users/yuki/Used_ai/MD Viewer Pro/venv_new/lib/python3.9/site-packages/PyInstaller/hooks'
10931 INFO: Analyzing hidden import 'PySide6.Qt3DExtras'
10970 INFO: Processing standard module hook 'hook-PySide6.Qt3DExtras.py' from '/Users/yuki/Used_ai/MD Viewer Pro/venv_new/lib/python3.9/site-packages/PyInstaller/hooks'
11069 INFO: Analyzing hidden import 'PySide6.Qt3DInput'
11081 INFO: Processing standard module hook 'hook-PySide6.Qt3DInput.py' from '/Users/yuki/Used_ai/MD Viewer Pro/venv_new/lib/python3.9/site-packages/PyInstaller/hooks'
11172 INFO: Analyzing hidden import 'PySide6.Qt3DLogic'
11173 INFO: Processing standard module hook 'hook-PySide6.Qt3DLogic.py' from '/Users/yuki/Used_ai/MD Viewer Pro/venv_new/lib/python3.9/site-packages/PyInstaller/hooks'
11264 INFO: Analyzing hidden import 'PySide6.QtAsyncio'
11337 INFO: Processing standard module hook 'hook-multiprocessing.util.py' from '/Users/yuki/Used_ai/MD Viewer Pro/venv_new/lib/python3.9/site-packages/PyInstaller/hooks'
11637 INFO: Processing pre-safe-import-module hook 'hook-typing_extensions.py' from '/Users/yuki/Used_ai/MD Viewer Pro/venv_new/lib/python3.9/site-packages/PyInstaller/hooks/pre_safe_import_module'
11637 INFO: Analyzing hidden import 'PySide6.QtBluetooth'
11670 INFO: Processing standard module hook 'hook-PySide6.QtBluetooth.py' from '/Users/yuki/Used_ai/MD Viewer Pro/venv_new/lib/python3.9/site-packages/PyInstaller/hooks'
11757 INFO: Analyzing hidden import 'PySide6.QtCharts'
11815 INFO: Processing standard module hook 'hook-PySide6.QtCharts.py' from '/Users/yuki/Used_ai/MD Viewer Pro/venv_new/lib/python3.9/site-packages/PyInstaller/hooks'
11906 INFO: Analyzing hidden import 'PySide6.QtConcurrent'
11910 INFO: Processing standard module hook 'hook-PySide6.QtConcurrent.py' from '/Users/yuki/Used_ai/MD Viewer Pro/venv_new/lib/python3.9/site-packages/PyInstaller/hooks'
12006 INFO: Analyzing hidden import 'PySide6.QtDBus'
12026 INFO: Processing standard module hook 'hook-PySide6.QtDBus.py' from '/Users/yuki/Used_ai/MD Viewer Pro/venv_new/lib/python3.9/site-packages/PyInstaller/hooks'
12116 INFO: Analyzing hidden import 'PySide6.QtDataVisualization'
12171 INFO: Processing standard module hook 'hook-PySide6.QtDataVisualization.py' from '/Users/yuki/Used_ai/MD Viewer Pro/venv_new/lib/python3.9/site-packages/PyInstaller/hooks'
12264 INFO: Analyzing hidden import 'PySide6.QtDesigner'
12281 INFO: Processing standard module hook 'hook-PySide6.QtDesigner.py' from '/Users/yuki/Used_ai/MD Viewer Pro/venv_new/lib/python3.9/site-packages/PyInstaller/hooks'
12382 INFO: Analyzing hidden import 'PySide6.QtGraphs'
12468 INFO: Processing standard module hook 'hook-PySide6.QtGraphs.py' from '/Users/yuki/Used_ai/MD Viewer Pro/venv_new/lib/python3.9/site-packages/PyInstaller/hooks'
12596 INFO: Processing standard module hook 'hook-PySide6.QtQml.py' from '/Users/yuki/Used_ai/MD Viewer Pro/venv_new/lib/python3.9/site-packages/PyInstaller/hooks'
13254 INFO: Analyzing hidden import 'PySide6.QtGraphsWidgets'
13265 INFO: Processing standard module hook 'hook-PySide6.QtGraphsWidgets.py' from '/Users/yuki/Used_ai/MD Viewer Pro/venv_new/lib/python3.9/site-packages/PyInstaller/hooks'
13427 INFO: Processing standard module hook 'hook-PySide6.QtQuick.py' from '/Users/yuki/Used_ai/MD Viewer Pro/venv_new/lib/python3.9/site-packages/PyInstaller/hooks'
13526 INFO: Processing standard module hook 'hook-PySide6.QtQuickWidgets.py' from '/Users/yuki/Used_ai/MD Viewer Pro/venv_new/lib/python3.9/site-packages/PyInstaller/hooks'
13610 INFO: Analyzing hidden import 'PySide6.QtHelp'
13620 INFO: Processing standard module hook 'hook-PySide6.QtHelp.py' from '/Users/yuki/Used_ai/MD Viewer Pro/venv_new/lib/python3.9/site-packages/PyInstaller/hooks'
13710 INFO: Analyzing hidden import 'PySide6.QtHttpServer'
13718 INFO: Processing standard module hook 'hook-PySide6.QtHttpServer.py' from '/Users/yuki/Used_ai/MD Viewer Pro/venv_new/lib/python3.9/site-packages/PyInstaller/hooks'
13808 INFO: Analyzing hidden import 'PySide6.QtLocation'
13839 INFO: Processing standard module hook 'hook-PySide6.QtLocation.py' from '/Users/yuki/Used_ai/MD Viewer Pro/venv_new/lib/python3.9/site-packages/PyInstaller/hooks'
13968 INFO: Processing standard module hook 'hook-PySide6.QtPositioning.py' from '/Users/yuki/Used_ai/MD Viewer Pro/venv_new/lib/python3.9/site-packages/PyInstaller/hooks'
14066 INFO: Analyzing hidden import 'PySide6.QtMultimedia'
14109 INFO: Processing standard module hook 'hook-PySide6.QtMultimedia.py' from '/Users/yuki/Used_ai/MD Viewer Pro/venv_new/lib/python3.9/site-packages/PyInstaller/hooks'
14214 INFO: Analyzing hidden import 'PySide6.QtMultimediaWidgets'
14216 INFO: Processing standard module hook 'hook-PySide6.QtMultimediaWidgets.py' from '/Users/yuki/Used_ai/MD Viewer Pro/venv_new/lib/python3.9/site-packages/PyInstaller/hooks'
14308 INFO: Analyzing hidden import 'PySide6.QtNetworkAuth'
14333 INFO: Processing standard module hook 'hook-PySide6.QtNetworkAuth.py' from '/Users/yuki/Used_ai/MD Viewer Pro/venv_new/lib/python3.9/site-packages/PyInstaller/hooks'
14423 INFO: Analyzing hidden import 'PySide6.QtNfc'
14433 INFO: Processing standard module hook 'hook-PySide6.QtNfc.py' from '/Users/yuki/Used_ai/MD Viewer Pro/venv_new/lib/python3.9/site-packages/PyInstaller/hooks'
14523 INFO: Analyzing hidden import 'PySide6.QtOpenGLWidgets'
14525 INFO: Processing standard module hook 'hook-PySide6.QtOpenGLWidgets.py' from '/Users/yuki/Used_ai/MD Viewer Pro/venv_new/lib/python3.9/site-packages/PyInstaller/hooks'
14614 INFO: Analyzing hidden import 'PySide6.QtPdf'
14624 INFO: Processing standard module hook 'hook-PySide6.QtPdf.py' from '/Users/yuki/Used_ai/MD Viewer Pro/venv_new/lib/python3.9/site-packages/PyInstaller/hooks'
14720 INFO: Analyzing hidden import 'PySide6.QtPdfWidgets'
14724 INFO: Processing standard module hook 'hook-PySide6.QtPdfWidgets.py' from '/Users/yuki/Used_ai/MD Viewer Pro/venv_new/lib/python3.9/site-packages/PyInstaller/hooks'
14812 INFO: Analyzing hidden import 'PySide6.QtQuick3D'
14820 INFO: Processing standard module hook 'hook-PySide6.QtQuick3D.py' from '/Users/yuki/Used_ai/MD Viewer Pro/venv_new/lib/python3.9/site-packages/PyInstaller/hooks'
14912 INFO: Analyzing hidden import 'PySide6.QtQuickControls2'
14913 INFO: Processing standard module hook 'hook-PySide6.QtQuickControls2.py' from '/Users/yuki/Used_ai/MD Viewer Pro/venv_new/lib/python3.9/site-packages/PyInstaller/hooks'
15003 INFO: Analyzing hidden import 'PySide6.QtQuickTest'
15004 INFO: Analyzing hidden import 'PySide6.QtRemoteObjects'
15015 INFO: Processing standard module hook 'hook-PySide6.QtRemoteObjects.py' from '/Users/yuki/Used_ai/MD Viewer Pro/venv_new/lib/python3.9/site-packages/PyInstaller/hooks'
15105 INFO: Analyzing hidden import 'PySide6.QtScxml'
15115 INFO: Processing standard module hook 'hook-PySide6.QtScxml.py' from '/Users/yuki/Used_ai/MD Viewer Pro/venv_new/lib/python3.9/site-packages/PyInstaller/hooks'
15207 INFO: Analyzing hidden import 'PySide6.QtSensors'
15233 INFO: Processing standard module hook 'hook-PySide6.QtSensors.py' from '/Users/yuki/Used_ai/MD Viewer Pro/venv_new/lib/python3.9/site-packages/PyInstaller/hooks'
15326 INFO: Analyzing hidden import 'PySide6.QtSerialBus'
15347 INFO: Processing standard module hook 'hook-PySide6.QtSerialBus.py' from '/Users/yuki/Used_ai/MD Viewer Pro/venv_new/lib/python3.9/site-packages/PyInstaller/hooks'
15449 INFO: Analyzing hidden import 'PySide6.QtSerialPort'
15454 INFO: Processing standard module hook 'hook-PySide6.QtSerialPort.py' from '/Users/yuki/Used_ai/MD Viewer Pro/venv_new/lib/python3.9/site-packages/PyInstaller/hooks'
15546 INFO: Analyzing hidden import 'PySide6.QtSpatialAudio'
15553 INFO: Processing standard module hook 'hook-PySide6.QtSpatialAudio.py' from '/Users/yuki/Used_ai/MD Viewer Pro/venv_new/lib/python3.9/site-packages/PyInstaller/hooks'
15644 INFO: Analyzing hidden import 'PySide6.QtSql'
15666 INFO: Processing standard module hook 'hook-PySide6.QtSql.py' from '/Users/yuki/Used_ai/MD Viewer Pro/venv_new/lib/python3.9/site-packages/PyInstaller/hooks'
15782 INFO: Analyzing hidden import 'PySide6.QtStateMachine'
15791 INFO: Processing standard module hook 'hook-PySide6.QtStateMachine.py' from '/Users/yuki/Used_ai/MD Viewer Pro/venv_new/lib/python3.9/site-packages/PyInstaller/hooks'
15881 INFO: Analyzing hidden import 'PySide6.QtSvg'
15885 INFO: Processing standard module hook 'hook-PySide6.QtSvg.py' from '/Users/yuki/Used_ai/MD Viewer Pro/venv_new/lib/python3.9/site-packages/PyInstaller/hooks'
15971 INFO: Analyzing hidden import 'PySide6.QtSvgWidgets'
15973 INFO: Processing standard module hook 'hook-PySide6.QtSvgWidgets.py' from '/Users/yuki/Used_ai/MD Viewer Pro/venv_new/lib/python3.9/site-packages/PyInstaller/hooks'
16058 INFO: Analyzing hidden import 'PySide6.QtTest'
16070 INFO: Processing standard module hook 'hook-PySide6.QtTest.py' from '/Users/yuki/Used_ai/MD Viewer Pro/venv_new/lib/python3.9/site-packages/PyInstaller/hooks'
16162 INFO: Analyzing hidden import 'PySide6.QtTextToSpeech'
16168 INFO: Processing standard module hook 'hook-PySide6.QtTextToSpeech.py' from '/Users/yuki/Used_ai/MD Viewer Pro/venv_new/lib/python3.9/site-packages/PyInstaller/hooks'
16265 INFO: Analyzing hidden import 'PySide6.QtUiTools'
16267 INFO: Processing standard module hook 'hook-PySide6.QtUiTools.py' from '/Users/yuki/Used_ai/MD Viewer Pro/venv_new/lib/python3.9/site-packages/PyInstaller/hooks'
16360 INFO: Analyzing hidden import 'PySide6.QtWebEngineQuick'
16364 INFO: Processing standard module hook 'hook-PySide6.QtWebEngineQuick.py' from '/Users/yuki/Used_ai/MD Viewer Pro/venv_new/lib/python3.9/site-packages/PyInstaller/hooks'
16456 INFO: Analyzing hidden import 'PySide6.QtWebSockets'
16463 INFO: Processing standard module hook 'hook-PySide6.QtWebSockets.py' from '/Users/yuki/Used_ai/MD Viewer Pro/venv_new/lib/python3.9/site-packages/PyInstaller/hooks'
16554 INFO: Analyzing hidden import 'PySide6.QtWebView'
16555 INFO: Analyzing hidden import 'PySide6.QtXml'
16568 INFO: Processing standard module hook 'hook-PySide6.QtXml.py' from '/Users/yuki/Used_ai/MD Viewer Pro/venv_new/lib/python3.9/site-packages/PyInstaller/hooks'
16666 INFO: Analyzing hidden import 'PySide6._config'
16667 INFO: Analyzing hidden import 'PySide6._git_pyside_version'
16667 INFO: Analyzing hidden import 'PySide6.scripts'
16667 INFO: Analyzing hidden import 'PySide6.scripts.android_deploy'
16670 INFO: Analyzing hidden import 'PySide6.scripts.deploy'
16673 INFO: Analyzing hidden import 'PySide6.scripts.metaobjectdump'
16681 INFO: Analyzing hidden import 'PySide6.scripts.project'
16687 INFO: Analyzing hidden import 'PySide6.scripts.project_lib'
16713 INFO: Analyzing hidden import 'PySide6.scripts.pyside_tool'
16728 INFO: Processing standard module hook 'hook-sysconfig.py' from '/Users/yuki/Used_ai/MD Viewer Pro/venv_new/lib/python3.9/site-packages/PyInstaller/hooks'
16735 INFO: Processing standard module hook 'hook-_osx_support.py' from '/Users/yuki/Used_ai/MD Viewer Pro/venv_new/lib/python3.9/site-packages/PyInstaller/hooks'
16739 INFO: Analyzing hidden import 'PySide6.scripts.qml'
16743 INFO: Analyzing hidden import 'PySide6.scripts.qtpy2cpp'
16745 INFO: Analyzing hidden import 'PySide6.support'
16745 INFO: Analyzing hidden import 'PySide6.support.deprecated'
16745 INFO: Analyzing hidden import 'PySide6.support.generate_pyi'
16747 INFO: Analyzing hidden import 'markdown.__main__'
16749 INFO: Analyzing hidden import 'markdown.extensions.abbr'
16753 INFO: Analyzing hidden import 'markdown.extensions.admonition'
16755 INFO: Analyzing hidden import 'markdown.extensions.attr_list'
16759 INFO: Analyzing hidden import 'markdown.extensions.codehilite'
16763 INFO: Processing standard module hook 'hook-pygments.py' from '/Users/yuki/Used_ai/MD Viewer Pro/venv_new/lib/python3.9/site-packages/PyInstaller/hooks'
17231 INFO: Analyzing hidden import 'markdown.extensions.def_list'
17233 INFO: Analyzing hidden import 'markdown.extensions.extra'
17233 INFO: Analyzing hidden import 'markdown.extensions.fenced_code'
17237 INFO: Analyzing hidden import 'markdown.extensions.footnotes'
17244 INFO: Analyzing hidden import 'markdown.extensions.legacy_attrs'
17245 INFO: Analyzing hidden import 'markdown.extensions.legacy_em'
17246 INFO: Analyzing hidden import 'markdown.extensions.md_in_html'
17253 INFO: Analyzing hidden import 'markdown.extensions.meta'
17254 INFO: Analyzing hidden import 'markdown.extensions.nl2br'
17255 INFO: Analyzing hidden import 'markdown.extensions.sane_lists'
17256 INFO: Analyzing hidden import 'markdown.extensions.smarty'
17259 INFO: Analyzing hidden import 'markdown.extensions.tables'
17263 INFO: Analyzing hidden import 'markdown.extensions.toc'
17270 INFO: Analyzing hidden import 'markdown.extensions.wikilinks'
17271 INFO: Analyzing hidden import 'markdown.test_tools'
17315 INFO: Processing standard module hook 'hook-difflib.py' from '/Users/yuki/Used_ai/MD Viewer Pro/venv_new/lib/python3.9/site-packages/PyInstaller/hooks'
17340 INFO: Analyzing hidden import 'pygments.__main__'
17368 INFO: Analyzing hidden import 'pygments.formatters.bbcode'
17370 INFO: Analyzing hidden import 'pygments.formatters.groff'
17372 INFO: Analyzing hidden import 'pygments.formatters.html'
17382 INFO: Analyzing hidden import 'pygments.formatters.img'
17389 INFO: Analyzing hidden import 'pygments.formatters.irc'
17391 INFO: Analyzing hidden import 'pygments.formatters.other'
17393 INFO: Analyzing hidden import 'pygments.formatters.pangomarkup'
17394 INFO: Analyzing hidden import 'pygments.formatters.rtf'
17398 INFO: Analyzing hidden import 'pygments.formatters.svg'
17400 INFO: Analyzing hidden import 'pygments.lexers._ada_builtins'
17400 INFO: Analyzing hidden import 'pygments.lexers._asy_builtins'
17411 INFO: Analyzing hidden import 'pygments.lexers._cl_builtins'
17414 INFO: Analyzing hidden import 'pygments.lexers._cocoa_builtins'
17424 INFO: Analyzing hidden import 'pygments.lexers._csound_builtins'
17424 INFO: Analyzing hidden import 'pygments.lexers._css_builtins'
17426 INFO: Analyzing hidden import 'pygments.lexers._googlesql_builtins'
17429 INFO: Analyzing hidden import 'pygments.lexers._julia_builtins'
17432 INFO: Analyzing hidden import 'pygments.lexers._lasso_builtins'
17443 INFO: Analyzing hidden import 'pygments.lexers._lilypond_builtins'
17460 INFO: Analyzing hidden import 'pygments.lexers._lua_builtins'
17462 INFO: Analyzing hidden import 'pygments.lexers._luau_builtins'
17463 INFO: Analyzing hidden import 'pygments.lexers._mql_builtins'
17467 INFO: Analyzing hidden import 'pygments.lexers._mysql_builtins'
17472 INFO: Analyzing hidden import 'pygments.lexers._openedge_builtins'
17481 INFO: Analyzing hidden import 'pygments.lexers._php_builtins'
17490 INFO: Analyzing hidden import 'pygments.lexers._postgres_builtins'
17493 INFO: Analyzing hidden import 'pygments.lexers._qlik_builtins'
17495 INFO: Analyzing hidden import 'pygments.lexers._scheme_builtins'
17499 INFO: Analyzing hidden import 'pygments.lexers._scilab_builtins'
17510 INFO: Analyzing hidden import 'pygments.lexers._sourcemod_builtins'
17514 INFO: Analyzing hidden import 'pygments.lexers._sql_builtins'
17516 INFO: Analyzing hidden import 'pygments.lexers._stan_builtins'
17519 INFO: Analyzing hidden import 'pygments.lexers._stata_builtins'
17526 INFO: Analyzing hidden import 'pygments.lexers._tsql_builtins'
17529 INFO: Analyzing hidden import 'pygments.lexers._usd_builtins'
17530 INFO: Analyzing hidden import 'pygments.lexers._vbscript_builtins'
17531 INFO: Analyzing hidden import 'pygments.lexers._vim_builtins'
17559 INFO: Analyzing hidden import 'pygments.lexers.actionscript'
17562 INFO: Analyzing hidden import 'pygments.lexers.ada'
17564 INFO: Analyzing hidden import 'pygments.lexers.agile'
17667 INFO: Analyzing hidden import 'pygments.lexers.algebra'
17670 INFO: Analyzing hidden import 'pygments.lexers.ambient'
17671 INFO: Analyzing hidden import 'pygments.lexers.amdgpu'
17672 INFO: Analyzing hidden import 'pygments.lexers.ampl'
17673 INFO: Analyzing hidden import 'pygments.lexers.apdlexer'
17681 INFO: Analyzing hidden import 'pygments.lexers.apl'
17682 INFO: Analyzing hidden import 'pygments.lexers.archetype'
17684 INFO: Analyzing hidden import 'pygments.lexers.arrow'
17685 INFO: Analyzing hidden import 'pygments.lexers.arturo'
17688 INFO: Analyzing hidden import 'pygments.lexers.asc'
17689 INFO: Analyzing hidden import 'pygments.lexers.asm'
17711 INFO: Analyzing hidden import 'pygments.lexers.asn1'
17712 INFO: Analyzing hidden import 'pygments.lexers.automation'
17714 INFO: Analyzing hidden import 'pygments.lexers.bare'
17715 INFO: Analyzing hidden import 'pygments.lexers.basic'
17723 INFO: Analyzing hidden import 'pygments.lexers.bdd'
17724 INFO: Analyzing hidden import 'pygments.lexers.berry'
17725 INFO: Analyzing hidden import 'pygments.lexers.bibtex'
17727 INFO: Analyzing hidden import 'pygments.lexers.blueprint'
17728 INFO: Analyzing hidden import 'pygments.lexers.boa'
17729 INFO: Analyzing hidden import 'pygments.lexers.bqn'
17730 INFO: Analyzing hidden import 'pygments.lexers.business'
17734 INFO: Analyzing hidden import 'pygments.lexers.c_like'
17742 INFO: Analyzing hidden import 'pygments.lexers.capnproto'
17743 INFO: Analyzing hidden import 'pygments.lexers.carbon'
17744 INFO: Analyzing hidden import 'pygments.lexers.cddl'
17745 INFO: Analyzing hidden import 'pygments.lexers.chapel'
17747 INFO: Analyzing hidden import 'pygments.lexers.clean'
17749 INFO: Analyzing hidden import 'pygments.lexers.codeql'
17750 INFO: Analyzing hidden import 'pygments.lexers.comal'
17751 INFO: Analyzing hidden import 'pygments.lexers.compiled'
17809 INFO: Analyzing hidden import 'pygments.lexers.configs'
17842 INFO: Analyzing hidden import 'pygments.lexers.console'
17843 INFO: Analyzing hidden import 'pygments.lexers.cplint'
17844 INFO: Analyzing hidden import 'pygments.lexers.csound'
17888 INFO: Analyzing hidden import 'pygments.lexers.dalvik'
17889 INFO: Analyzing hidden import 'pygments.lexers.dax'
17891 INFO: Analyzing hidden import 'pygments.lexers.devicetree'
17892 INFO: Analyzing hidden import 'pygments.lexers.diff'
17894 INFO: Analyzing hidden import 'pygments.lexers.dns'
17895 INFO: Analyzing hidden import 'pygments.lexers.dotnet'
17905 INFO: Analyzing hidden import 'pygments.lexers.dsls'
17915 INFO: Analyzing hidden import 'pygments.lexers.ecl'
17917 INFO: Analyzing hidden import 'pygments.lexers.eiffel'
17917 INFO: Analyzing hidden import 'pygments.lexers.elm'
17919 INFO: Analyzing hidden import 'pygments.lexers.elpi'
17929 INFO: Analyzing hidden import 'pygments.lexers.email'
17933 INFO: Analyzing hidden import 'pygments.lexers.erlang'
17940 INFO: Analyzing hidden import 'pygments.lexers.esoteric'
17943 INFO: Analyzing hidden import 'pygments.lexers.ezhil'
17944 INFO: Analyzing hidden import 'pygments.lexers.fantom'
17947 INFO: Analyzing hidden import 'pygments.lexers.fift'
17948 INFO: Analyzing hidden import 'pygments.lexers.floscript'
17949 INFO: Analyzing hidden import 'pygments.lexers.forth'
17950 INFO: Analyzing hidden import 'pygments.lexers.foxpro'
17951 INFO: Analyzing hidden import 'pygments.lexers.freefem'
17954 INFO: Analyzing hidden import 'pygments.lexers.func'
17955 INFO: Analyzing hidden import 'pygments.lexers.functional'
17985 INFO: Analyzing hidden import 'pygments.lexers.futhark'
17986 INFO: Analyzing hidden import 'pygments.lexers.gcodelexer'
17987 INFO: Analyzing hidden import 'pygments.lexers.gdscript'
17988 INFO: Analyzing hidden import 'pygments.lexers.gleam'
17989 INFO: Analyzing hidden import 'pygments.lexers.grammar_notation'
17991 INFO: Analyzing hidden import 'pygments.lexers.graph'
17993 INFO: Analyzing hidden import 'pygments.lexers.graphql'
17994 INFO: Analyzing hidden import 'pygments.lexers.graphviz'
17995 INFO: Analyzing hidden import 'pygments.lexers.gsql'
17996 INFO: Analyzing hidden import 'pygments.lexers.hare'
17997 INFO: Analyzing hidden import 'pygments.lexers.haxe'
18004 INFO: Analyzing hidden import 'pygments.lexers.hdl'
18009 INFO: Analyzing hidden import 'pygments.lexers.hexdump'
18010 INFO: Analyzing hidden import 'pygments.lexers.idl'
18014 INFO: Analyzing hidden import 'pygments.lexers.igor'
18020 INFO: Analyzing hidden import 'pygments.lexers.inferno'
18021 INFO: Analyzing hidden import 'pygments.lexers.installers'
18024 INFO: Analyzing hidden import 'pygments.lexers.int_fiction'
18040 INFO: Analyzing hidden import 'pygments.lexers.j'
18041 INFO: Analyzing hidden import 'pygments.lexers.jmespath'
18042 INFO: Analyzing hidden import 'pygments.lexers.jslt'
18043 INFO: Analyzing hidden import 'pygments.lexers.json5'
18044 INFO: Analyzing hidden import 'pygments.lexers.jsonnet'
18046 INFO: Analyzing hidden import 'pygments.lexers.jsx'
18047 INFO: Analyzing hidden import 'pygments.lexers.julia'
18051 INFO: Analyzing hidden import 'pygments.lexers.kuin'
18054 INFO: Analyzing hidden import 'pygments.lexers.kusto'
18055 INFO: Analyzing hidden import 'pygments.lexers.ldap'
18057 INFO: Analyzing hidden import 'pygments.lexers.macaulay2'
18072 INFO: Analyzing hidden import 'pygments.lexers.make'
18074 INFO: Analyzing hidden import 'pygments.lexers.maple'
18076 INFO: Analyzing hidden import 'pygments.lexers.math'
18095 INFO: Analyzing hidden import 'pygments.lexers.maxima'
18096 INFO: Analyzing hidden import 'pygments.lexers.meson'
18097 INFO: Analyzing hidden import 'pygments.lexers.minecraft'
18100 INFO: Analyzing hidden import 'pygments.lexers.mips'
18102 INFO: Analyzing hidden import 'pygments.lexers.mojo'
18106 INFO: Analyzing hidden import 'pygments.lexers.monte'
18108 INFO: Analyzing hidden import 'pygments.lexers.mosel'
18110 INFO: Analyzing hidden import 'pygments.lexers.ncl'
18116 INFO: Analyzing hidden import 'pygments.lexers.nit'
18117 INFO: Analyzing hidden import 'pygments.lexers.nix'
18119 INFO: Analyzing hidden import 'pygments.lexers.numbair'
18120 INFO: Analyzing hidden import 'pygments.lexers.oberon'
18121 INFO: Analyzing hidden import 'pygments.lexers.openscad'
18122 INFO: Analyzing hidden import 'pygments.lexers.other'
18158 INFO: Analyzing hidden import 'pygments.lexers.parasail'
18159 INFO: Analyzing hidden import 'pygments.lexers.parsers'
18167 INFO: Analyzing hidden import 'pygments.lexers.pddl'
18168 INFO: Analyzing hidden import 'pygments.lexers.phix'
18173 INFO: Analyzing hidden import 'pygments.lexers.php'
18177 INFO: Analyzing hidden import 'pygments.lexers.pointless'
18178 INFO: Analyzing hidden import 'pygments.lexers.pony'
18179 INFO: Analyzing hidden import 'pygments.lexers.praat'
18182 INFO: Analyzing hidden import 'pygments.lexers.procfile'
18183 INFO: Analyzing hidden import 'pygments.lexers.promql'
18184 INFO: Analyzing hidden import 'pygments.lexers.prql'
18186 INFO: Analyzing hidden import 'pygments.lexers.ptx'
18187 INFO: Analyzing hidden import 'pygments.lexers.q'
18189 INFO: Analyzing hidden import 'pygments.lexers.qlik'
18190 INFO: Analyzing hidden import 'pygments.lexers.qvt'
18192 INFO: Analyzing hidden import 'pygments.lexers.rdf'
18196 INFO: Analyzing hidden import 'pygments.lexers.rego'
18196 INFO: Analyzing hidden import 'pygments.lexers.rell'
18197 INFO: Analyzing hidden import 'pygments.lexers.resource'
18198 INFO: Analyzing hidden import 'pygments.lexers.ride'
18200 INFO: Analyzing hidden import 'pygments.lexers.rita'
18200 INFO: Analyzing hidden import 'pygments.lexers.rnc'
18201 INFO: Analyzing hidden import 'pygments.lexers.roboconf'
18202 INFO: Analyzing hidden import 'pygments.lexers.sas'
18205 INFO: Analyzing hidden import 'pygments.lexers.savi'
18206 INFO: Analyzing hidden import 'pygments.lexers.scdoc'
18207 INFO: Analyzing hidden import 'pygments.lexers.sgf'
18208 INFO: Analyzing hidden import 'pygments.lexers.sieve'
18209 INFO: Analyzing hidden import 'pygments.lexers.slash'
18225 INFO: Analyzing hidden import 'pygments.lexers.smithy'
18226 INFO: Analyzing hidden import 'pygments.lexers.solidity'
18227 INFO: Analyzing hidden import 'pygments.lexers.soong'
18228 INFO: Analyzing hidden import 'pygments.lexers.sophia'
18229 INFO: Analyzing hidden import 'pygments.lexers.spice'
18230 INFO: Analyzing hidden import 'pygments.lexers.srcinfo'
18231 INFO: Analyzing hidden import 'pygments.lexers.stata'
18233 INFO: Analyzing hidden import 'pygments.lexers.supercollider'
18234 INFO: Analyzing hidden import 'pygments.lexers.tablegen'
18235 INFO: Analyzing hidden import 'pygments.lexers.tact'
18238 INFO: Analyzing hidden import 'pygments.lexers.tal'
18239 INFO: Analyzing hidden import 'pygments.lexers.teal'
18240 INFO: Analyzing hidden import 'pygments.lexers.templates'
18278 INFO: Analyzing hidden import 'pygments.lexers.teraterm'
18279 INFO: Analyzing hidden import 'pygments.lexers.text'
18284 INFO: Analyzing hidden import 'pygments.lexers.thingsdb'
18285 INFO: Analyzing hidden import 'pygments.lexers.tlb'
18286 INFO: Analyzing hidden import 'pygments.lexers.tls'
18287 INFO: Analyzing hidden import 'pygments.lexers.tnt'
18292 INFO: Analyzing hidden import 'pygments.lexers.trafficscript'
18292 INFO: Analyzing hidden import 'pygments.lexers.typoscript'
18294 INFO: Analyzing hidden import 'pygments.lexers.typst'
18296 INFO: Analyzing hidden import 'pygments.lexers.ul4'
18299 INFO: Analyzing hidden import 'pygments.lexers.unicon'
18303 INFO: Analyzing hidden import 'pygments.lexers.usd'
18304 INFO: Analyzing hidden import 'pygments.lexers.varnish'
18306 INFO: Analyzing hidden import 'pygments.lexers.verification'
18307 INFO: Analyzing hidden import 'pygments.lexers.verifpal'
18308 INFO: Analyzing hidden import 'pygments.lexers.vip'
18310 INFO: Analyzing hidden import 'pygments.lexers.vyper'
18311 INFO: Analyzing hidden import 'pygments.lexers.webassembly'
18313 INFO: Analyzing hidden import 'pygments.lexers.webidl'
18316 INFO: Analyzing hidden import 'pygments.lexers.wgsl'
18318 INFO: Analyzing hidden import 'pygments.lexers.whiley'
18319 INFO: Analyzing hidden import 'pygments.lexers.wowtoc'
18320 INFO: Analyzing hidden import 'pygments.lexers.wren'
18321 INFO: Analyzing hidden import 'pygments.lexers.x10'
18322 INFO: Analyzing hidden import 'pygments.lexers.xorg'
18322 INFO: Analyzing hidden import 'pygments.lexers.yang'
18324 INFO: Analyzing hidden import 'pygments.lexers.yara'
18325 INFO: Analyzing hidden import 'pygments.lexers.zig'
18326 INFO: Analyzing hidden import 'pygments.sphinxext'
18330 INFO: Analyzing hidden import 'pygments.styles.abap'
18330 INFO: Analyzing hidden import 'pygments.styles.algol'
18331 INFO: Analyzing hidden import 'pygments.styles.algol_nu'
18331 INFO: Analyzing hidden import 'pygments.styles.arduino'
18332 INFO: Analyzing hidden import 'pygments.styles.autumn'
18333 INFO: Analyzing hidden import 'pygments.styles.borland'
18334 INFO: Analyzing hidden import 'pygments.styles.bw'
18334 INFO: Analyzing hidden import 'pygments.styles.coffee'
18335 INFO: Analyzing hidden import 'pygments.styles.colorful'
18336 INFO: Analyzing hidden import 'pygments.styles.default'
18336 INFO: Analyzing hidden import 'pygments.styles.dracula'
18337 INFO: Analyzing hidden import 'pygments.styles.emacs'
18338 INFO: Analyzing hidden import 'pygments.styles.friendly'
18339 INFO: Analyzing hidden import 'pygments.styles.friendly_grayscale'
18340 INFO: Analyzing hidden import 'pygments.styles.fruity'
18341 INFO: Analyzing hidden import 'pygments.styles.gh_dark'
18342 INFO: Analyzing hidden import 'pygments.styles.gruvbox'
18343 INFO: Analyzing hidden import 'pygments.styles.igor'
18343 INFO: Analyzing hidden import 'pygments.styles.inkpot'
18344 INFO: Analyzing hidden import 'pygments.styles.lightbulb'
18346 INFO: Analyzing hidden import 'pygments.styles.lilypond'
18353 INFO: Analyzing hidden import 'pygments.styles.lovelace'
18354 INFO: Analyzing hidden import 'pygments.styles.manni'
18355 INFO: Analyzing hidden import 'pygments.styles.material'
18356 INFO: Analyzing hidden import 'pygments.styles.monokai'
18357 INFO: Analyzing hidden import 'pygments.styles.murphy'
18358 INFO: Analyzing hidden import 'pygments.styles.native'
18359 INFO: Analyzing hidden import 'pygments.styles.nord'
18360 INFO: Analyzing hidden import 'pygments.styles.onedark'
18361 INFO: Analyzing hidden import 'pygments.styles.paraiso_dark'
18362 INFO: Analyzing hidden import 'pygments.styles.paraiso_light'
18363 INFO: Analyzing hidden import 'pygments.styles.pastie'
18364 INFO: Analyzing hidden import 'pygments.styles.perldoc'
18365 INFO: Analyzing hidden import 'pygments.styles.rainbow_dash'
18366 INFO: Analyzing hidden import 'pygments.styles.rrt'
18367 INFO: Analyzing hidden import 'pygments.styles.sas'
18367 INFO: Analyzing hidden import 'pygments.styles.solarized'
18369 INFO: Analyzing hidden import 'pygments.styles.staroffice'
18369 INFO: Analyzing hidden import 'pygments.styles.stata_dark'
18370 INFO: Analyzing hidden import 'pygments.styles.stata_light'
18370 INFO: Analyzing hidden import 'pygments.styles.tango'
18371 INFO: Analyzing hidden import 'pygments.styles.trac'
18372 INFO: Analyzing hidden import 'pygments.styles.vim'
18372 INFO: Analyzing hidden import 'pygments.styles.vs'
18373 INFO: Analyzing hidden import 'pygments.styles.xcode'
18374 INFO: Analyzing hidden import 'pygments.styles.zenburn'
18375 INFO: Analyzing hidden import 'objc._machsignals'
18375 INFO: Analyzing hidden import 'objc.simd'
18382 INFO: Processing module hooks (post-graph stage)...
18471 INFO: Performing binary vs. data reclassification (4706 entries)
19530 INFO: Looking for ctypes DLLs
19534 INFO: Analyzing run-time hooks ...
19537 INFO: Including run-time hook 'pyi_rth_inspect.py' from '/Users/yuki/Used_ai/MD Viewer Pro/venv_new/lib/python3.9/site-packages/PyInstaller/hooks/rthooks'
19538 INFO: Including run-time hook 'pyi_rth_pkgutil.py' from '/Users/yuki/Used_ai/MD Viewer Pro/venv_new/lib/python3.9/site-packages/PyInstaller/hooks/rthooks'
19539 INFO: Including run-time hook 'pyi_rth_multiprocessing.py' from '/Users/yuki/Used_ai/MD Viewer Pro/venv_new/lib/python3.9/site-packages/PyInstaller/hooks/rthooks'
19539 INFO: Including run-time hook 'pyi_rth_pyside6.py' from '/Users/yuki/Used_ai/MD Viewer Pro/venv_new/lib/python3.9/site-packages/PyInstaller/hooks/rthooks'
19540 INFO: Processing pre-find-module-path hook 'hook-_pyi_rth_utils.py' from '/Users/yuki/Used_ai/MD Viewer Pro/venv_new/lib/python3.9/site-packages/PyInstaller/hooks/pre_find_module_path'
19541 INFO: Processing standard module hook 'hook-_pyi_rth_utils.py' from '/Users/yuki/Used_ai/MD Viewer Pro/venv_new/lib/python3.9/site-packages/PyInstaller/hooks'
19623 INFO: Creating base_library.zip...
19634 INFO: Looking for dynamic libraries
21447 WARNING: Library not found: could not resolve '/usr/local/lib/libmimerapi.dylib', dependency of '/Users/yuki/Used_ai/MD Viewer Pro/venv_new/lib/python3.9/site-packages/PySide6/Qt/plugins/sqldrivers/libqsqlmimer.dylib'.
21447 WARNING: Library not found: could not resolve '/opt/homebrew/opt/libiodbc/lib/libiodbc.2.dylib', dependency of '/Users/yuki/Used_ai/MD Viewer Pro/venv_new/lib/python3.9/site-packages/PySide6/Qt/plugins/sqldrivers/libqsqlodbc.dylib'.
21447 WARNING: Library not found: could not resolve '/Applications/Postgres.app/Contents/Versions/14/lib/libpq.5.dylib', dependency of '/Users/yuki/Used_ai/MD Viewer Pro/venv_new/lib/python3.9/site-packages/PySide6/Qt/plugins/sqldrivers/libqsqlpsql.dylib'.
21447 WARNING: Library not found: could not resolve '@rpath/QtQuickShapesDesignHelpers.framework/Versions/A/QtQuickShapesDesignHelpers', dependency of '/Users/yuki/Used_ai/MD Viewer Pro/venv_new/lib/python3.9/site-packages/PySide6/Qt/qml/QtQuick/Shapes/DesignHelpers/libqtquickshapesdesignhelpersplugin.dylib'.
25562 INFO: Warnings written to /Users/yuki/Used_ai/MD Viewer Pro/build/MDViewerPro/warn-MDViewerPro.txt
25590 INFO: Graph cross-reference written to /Users/yuki/Used_ai/MD Viewer Pro/build/MDViewerPro/xref-MDViewerPro.html
26670 INFO: checking PYZ
26670 INFO: Building PYZ because PYZ-00.toc is non existent
26671 INFO: Building PYZ (ZlibArchive) /Users/yuki/Used_ai/MD Viewer Pro/build/MDViewerPro/PYZ-00.pyz
26926 INFO: Building PYZ (ZlibArchive) /Users/yuki/Used_ai/MD Viewer Pro/build/MDViewerPro/PYZ-00.pyz completed successfully.
26935 INFO: EXE target arch: arm64
26935 INFO: Code signing identity: None
26937 INFO: checking PKG
26937 INFO: Building PKG because PKG-00.toc is non existent
26937 INFO: Building PKG (CArchive) MDViewerPro.pkg
26957 INFO: Building PKG (CArchive) MDViewerPro.pkg completed successfully.
26957 INFO: Bootloader /Users/yuki/Used_ai/MD Viewer Pro/venv_new/lib/python3.9/site-packages/PyInstaller/bootloader/Darwin-64bit/runw
26957 INFO: checking EXE
26957 INFO: Building EXE because EXE-00.toc is non existent
26957 INFO: Building EXE from EXE-00.toc
26957 INFO: Copying bootloader EXE to /Users/yuki/Used_ai/MD Viewer Pro/build/MDViewerPro/MDViewerPro
26958 INFO: Converting EXE to target arch (arm64)
26977 INFO: Removing signature(s) from EXE
26992 INFO: Modifying Mach-O image UUID(s) in EXE
26999 INFO: Appending PKG archive to EXE
27000 INFO: Fixing EXE headers for code signing
27004 INFO: Re-signing the EXE
27021 INFO: Building EXE from EXE-00.toc completed successfully.
27039 INFO: checking COLLECT
27039 INFO: Building COLLECT because COLLECT-00.toc is non existent
27039 INFO: Building COLLECT COLLECT-00.toc
31935 INFO: Building COLLECT COLLECT-00.toc completed successfully.
32005 INFO: checking BUNDLE
32005 INFO: Building BUNDLE because BUNDLE-00.toc is non existent
32005 INFO: Building BUNDLE BUNDLE-00.toc
37050 INFO: Signing the BUNDLE...
37730 INFO: Building BUNDLE BUNDLE-00.toc completed successfully.
37783 INFO: Build complete! The results are available in: /Users/yuki/Used_ai/MD Viewer Pro/dist
[slim] binaries  453 -> 232 (removed 221)
[slim] datas     4593 -> 3250 (removed 1343)
      完了
[3/5] QtWebEngine フレームワーク構造を修正...
[fix] quarantine 属性を削除...
[fix] QtWebEngineProcess.app のパスを確認・修正...
[fix] 発見: dist/MDViewerPro.app/Contents/Frameworks/PySide6/Qt/lib/QtWebEngineCore.framework/Versions/Resources/Helpers/QtWebEngineProcess.app
[fix] WebEngine Resources を確認...
[fix] コード署名...
[fix] 完了: dist/MDViewerPro.app
      完了
[4/5] DMG を作成中...
      完了

══════════════════════════════════════════
  ビルド完了!
  .app  →  ./dist/MDViewerPro.app
  .dmg  →  ./MDViewerPro-Installer.dmg
══════════════════════════════════════════
